# JRE version: OpenJDK Runtime Environment Temurin-11.0.12+7 (11.0.12+7) (build 11.0.12+7)
# Java VM: OpenJDK 64-Bit Server VM Temurin-11.0.12+7 (11.0.12+7, mixed mode, tiered, compressed oops, g1 gc, windows-amd64)
Heap:
 garbage-first heap   total 189440K, used 25600K [0x0000000081c00000, 0x0000000100000000)
  region size 1024K, 10 young (10240K), 6 survivors (6144K)
 Metaspace       used 59418K, capacity 60774K, committed 60956K, reserved 1101824K
  class space    used 7391K, capacity 7923K, committed 8012K, reserved 1048576K
GC Heap History (20 events):
Event: 1.278 GC heap before
{Heap before GC invocations=0 (full 0):
 garbage-first heap   total 131072K, used 14336K [0x0000000081c00000, 0x0000000100000000)
  region size 1024K, 14 young (14336K), 0 survivors (0K)
 Metaspace       used 12915K, capacity 13254K, committed 13440K, reserved 1060864K
  class space    used 1293K, capacity 1406K, committed 1408K, reserved 1048576K
}
Event: 1.286 GC heap after
{Heap after GC invocations=1 (full 0):
 garbage-first heap   total 131072K, used 6299K [0x0000000081c00000, 0x0000000100000000)
  region size 1024K, 2 young (2048K), 2 survivors (2048K)
 Metaspace       used 12915K, capacity 13254K, committed 13440K, reserved 1060864K
  class space    used 1293K, capacity 1406K, committed 1408K, reserved 1048576K
}
Event: 1.521 GC heap before
{Heap before GC invocations=1 (full 0):
 garbage-first heap   total 131072K, used 13467K [0x0000000081c00000, 0x0000000100000000)
  region size 1024K, 9 young (9216K), 2 survivors (2048K)
 Metaspace       used 14700K, capacity 15098K, committed 15232K, reserved 1062912K
  class space    used 1477K, capacity 1617K, committed 1664K, reserved 1048576K
}
Event: 1.526 GC heap after
{Heap after GC invocations=2 (full 0):
 garbage-first heap   total 131072K, used 7131K [0x0000000081c00000, 0x0000000100000000)
  region size 1024K, 1 young (1024K), 1 survivors (1024K)
 Metaspace       used 14700K, capacity 15098K, committed 15232K, reserved 1062912K
  class space    used 1477K, capacity 1617K, committed 1664K, reserved 1048576K
}
Event: 2.177 GC heap before
{Heap before GC invocations=2 (full 0):
 garbage-first heap   total 131072K, used 31707K [0x0000000081c00000, 0x0000000100000000)
  region size 1024K, 25 young (25600K), 1 survivors (1024K)
 Metaspace       used 19163K, capacity 19796K, committed 19968K, reserved 1067008K
  class space    used 2060K, capacity 2302K, committed 2304K, reserved 1048576K
}
Event: 2.183 GC heap after
{Heap after GC invocations=3 (full 0):
 garbage-first heap   total 131072K, used 8394K [0x0000000081c00000, 0x0000000100000000)
  region size 1024K, 3 young (3072K), 3 survivors (3072K)
 Metaspace       used 19163K, capacity 19796K, committed 19968K, reserved 1067008K
  class space    used 2060K, capacity 2302K, committed 2304K, reserved 1048576K
}
Event: 2.391 GC heap before
{Heap before GC invocations=3 (full 0):
 garbage-first heap   total 131072K, used 16586K [0x0000000081c00000, 0x0000000100000000)
  region size 1024K, 12 young (12288K), 3 survivors (3072K)
 Metaspace       used 20610K, capacity 21248K, committed 21296K, reserved 1069056K
  class space    used 2277K, capacity 2555K, committed 2560K, reserved 1048576K
}
Event: 2.396 GC heap after
{Heap after GC invocations=4 (full 0):
 garbage-first heap   total 131072K, used 8937K [0x0000000081c00000, 0x0000000100000000)
  region size 1024K, 3 young (3072K), 3 survivors (3072K)
 Metaspace       used 20610K, capacity 21248K, committed 21296K, reserved 1069056K
  class space    used 2277K, capacity 2555K, committed 2560K, reserved 1048576K
}
Event: 3.061 GC heap before
{Heap before GC invocations=5 (full 0):
 garbage-first heap   total 131072K, used 51945K [0x0000000081c00000, 0x0000000100000000)
  region size 1024K, 46 young (47104K), 3 survivors (3072K)
 Metaspace       used 27048K, capacity 27773K, committed 28032K, reserved 1073152K
  class space    used 3067K, capacity 3365K, committed 3456K, reserved 1048576K
}
Event: 3.069 GC heap after
{Heap after GC invocations=6 (full 0):
 garbage-first heap   total 131072K, used 10365K [0x0000000081c00000, 0x0000000100000000)
  region size 1024K, 4 young (4096K), 4 survivors (4096K)
 Metaspace       used 27048K, capacity 27773K, committed 28032K, reserved 1073152K
  class space    used 3067K, capacity 3365K, committed 3456K, reserved 1048576K
}
Event: 3.867 GC heap before
{Heap before GC invocations=6 (full 0):
 garbage-first heap   total 131072K, used 72829K [0x0000000081c00000, 0x0000000100000000)
  region size 1024K, 66 young (67584K), 4 survivors (4096K)
 Metaspace       used 29714K, capacity 30571K, committed 30720K, reserved 1077248K
  class space    used 3371K, capacity 3722K, committed 3840K, reserved 1048576K
}
Event: 3.877 GC heap after
{Heap after GC invocations=7 (full 0):
 garbage-first heap   total 157696K, used 11415K [0x0000000081c00000, 0x0000000100000000)
  region size 1024K, 5 young (5120K), 5 survivors (5120K)
 Metaspace       used 29714K, capacity 30571K, committed 30720K, reserved 1077248K
  class space    used 3371K, capacity 3722K, committed 3840K, reserved 1048576K
}
Event: 5.325 GC heap before
{Heap before GC invocations=7 (full 0):
 garbage-first heap   total 157696K, used 53399K [0x0000000081c00000, 0x0000000100000000)
  region size 1024K, 47 young (48128K), 5 survivors (5120K)
 Metaspace       used 34874K, capacity 35870K, committed 35920K, reserved 1081344K
  class space    used 4075K, capacity 4470K, committed 4480K, reserved 1048576K
}
Event: 5.344 GC heap after
{Heap after GC invocations=8 (full 0):
 garbage-first heap   total 157696K, used 14136K [0x0000000081c00000, 0x0000000100000000)
  region size 1024K, 8 young (8192K), 8 survivors (8192K)
 Metaspace       used 34874K, capacity 35870K, committed 35920K, reserved 1081344K
  class space    used 4075K, capacity 4470K, committed 4480K, reserved 1048576K
}
Event: 6.645 GC heap before
{Heap before GC invocations=9 (full 0):
 garbage-first heap   total 157696K, used 89912K [0x0000000081c00000, 0x0000000100000000)
  region size 1024K, 83 young (84992K), 8 survivors (8192K)
 Metaspace       used 38640K, capacity 39784K, committed 40092K, reserved 1085440K
  class space    used 4524K, capacity 5006K, committed 5068K, reserved 1048576K
}
Event: 6.661 GC heap after
{Heap after GC invocations=10 (full 0):
 garbage-first heap   total 157696K, used 16699K [0x0000000081c00000, 0x0000000100000000)
  region size 1024K, 9 young (9216K), 9 survivors (9216K)
 Metaspace       used 38640K, capacity 39784K, committed 40092K, reserved 1085440K
  class space    used 4524K, capacity 5006K, committed 5068K, reserved 1048576K
}
Event: 9.807 GC heap before
{Heap before GC invocations=10 (full 0):
 garbage-first heap   total 157696K, used 100667K [0x0000000081c00000, 0x0000000100000000)
  region size 1024K, 91 young (93184K), 9 survivors (9216K)
 Metaspace       used 55532K, capacity 56835K, committed 57116K, reserved 1099776K
  class space    used 6858K, capacity 7377K, committed 7500K, reserved 1048576K
}
Event: 9.827 GC heap after
{Heap after GC invocations=11 (full 0):
 garbage-first heap   total 157696K, used 20754K [0x0000000081c00000, 0x0000000100000000)
  region size 1024K, 10 young (10240K), 10 survivors (10240K)
 Metaspace       used 55532K, capacity 56835K, committed 57116K, reserved 1099776K
  class space    used 6858K, capacity 7377K, committed 7500K, reserved 1048576K
}
Event: 11.057 GC heap before
{Heap before GC invocations=11 (full 0):
 garbage-first heap   total 157696K, used 48402K [0x0000000081c00000, 0x0000000100000000)
  region size 1024K, 38 young (38912K), 10 survivors (10240K)
 Metaspace       used 58897K, capacity 60210K, committed 60316K, reserved 1101824K
  class space    used 7305K, capacity 7820K, committed 7884K, reserved 1048576K
}
Event: 11.080 GC heap after
{Heap after GC invocations=12 (full 0):
 garbage-first heap   total 189440K, used 22528K [0x0000000081c00000, 0x0000000100000000)
  region size 1024K, 6 young (6144K), 6 survivors (6144K)
 Metaspace       used 58897K, capacity 60210K, committed 60316K, reserved 1101824K
  class space    used 7305K, capacity 7820K, committed 7884K, reserved 1048576K
}

