# JRE version: OpenJDK Runtime Environment Temurin-11.0.12+7 (11.0.12+7) (build 11.0.12+7)
# Java VM: OpenJDK 64-Bit Server VM Temurin-11.0.12+7 (11.0.12+7, mixed mode, tiered, compressed oops, g1 gc, windows-amd64)
Heap:
 garbage-first heap   total 131072K, used 45877K [0x0000000081c00000, 0x0000000100000000)
  region size 1024K, 40 young (40960K), 5 survivors (5120K)
 Metaspace       used 31984K, capacity 32862K, committed 33024K, reserved 1079296K
  class space    used 3679K, capacity 4054K, committed 4096K, reserved 1048576K
GC Heap History (12 events):
Event: 1.602 GC heap before
{Heap before GC invocations=0 (full 0):
 garbage-first heap   total 131072K, used 14336K [0x0000000081c00000, 0x0000000100000000)
  region size 1024K, 14 young (14336K), 0 survivors (0K)
 Metaspace       used 12910K, capacity 13250K, committed 13440K, reserved 1060864K
  class space    used 1293K, capacity 1406K, committed 1408K, reserved 1048576K
}
Event: 1.612 GC heap after
{Heap after GC invocations=1 (full 0):
 garbage-first heap   total 131072K, used 6141K [0x0000000081c00000, 0x0000000100000000)
  region size 1024K, 2 young (2048K), 2 survivors (2048K)
 Metaspace       used 12910K, capacity 13250K, committed 13440K, reserved 1060864K
  class space    used 1293K, capacity 1406K, committed 1408K, reserved 1048576K
}
Event: 2.028 GC heap before
{Heap before GC invocations=1 (full 0):
 garbage-first heap   total 131072K, used 10237K [0x0000000081c00000, 0x0000000100000000)
  region size 1024K, 6 young (6144K), 2 survivors (2048K)
 Metaspace       used 14317K, capacity 14704K, committed 14976K, reserved 1062912K
  class space    used 1430K, capacity 1571K, committed 1664K, reserved 1048576K
}
Event: 2.035 GC heap after
{Heap after GC invocations=2 (full 0):
 garbage-first heap   total 131072K, used 6762K [0x0000000081c00000, 0x0000000100000000)
  region size 1024K, 1 young (1024K), 1 survivors (1024K)
 Metaspace       used 14317K, capacity 14704K, committed 14976K, reserved 1062912K
  class space    used 1430K, capacity 1571K, committed 1664K, reserved 1048576K
}
Event: 2.622 GC heap before
{Heap before GC invocations=2 (full 0):
 garbage-first heap   total 131072K, used 27242K [0x0000000081c00000, 0x0000000100000000)
  region size 1024K, 21 young (21504K), 1 survivors (1024K)
 Metaspace       used 18226K, capacity 18710K, committed 18816K, reserved 1067008K
  class space    used 1921K, capacity 2107K, committed 2176K, reserved 1048576K
}
Event: 2.626 GC heap after
{Heap after GC invocations=3 (full 0):
 garbage-first heap   total 131072K, used 7880K [0x0000000081c00000, 0x0000000100000000)
  region size 1024K, 2 young (2048K), 2 survivors (2048K)
 Metaspace       used 18226K, capacity 18710K, committed 18816K, reserved 1067008K
  class space    used 1921K, capacity 2107K, committed 2176K, reserved 1048576K
}
Event: 3.031 GC heap before
{Heap before GC invocations=3 (full 0):
 garbage-first heap   total 131072K, used 22216K [0x0000000081c00000, 0x0000000100000000)
  region size 1024K, 17 young (17408K), 2 survivors (2048K)
 Metaspace       used 20529K, capacity 21153K, committed 21248K, reserved 1069056K
  class space    used 2257K, capacity 2522K, committed 2560K, reserved 1048576K
}
Event: 3.036 GC heap after
{Heap after GC invocations=4 (full 0):
 garbage-first heap   total 131072K, used 8676K [0x0000000081c00000, 0x0000000100000000)
  region size 1024K, 3 young (3072K), 3 survivors (3072K)
 Metaspace       used 20529K, capacity 21153K, committed 21248K, reserved 1069056K
  class space    used 2257K, capacity 2522K, committed 2560K, reserved 1048576K
}
Event: 3.585 GC heap before
{Heap before GC invocations=5 (full 0):
 garbage-first heap   total 131072K, used 42468K [0x0000000081c00000, 0x0000000100000000)
  region size 1024K, 37 young (37888K), 3 survivors (3072K)
 Metaspace       used 26714K, capacity 27433K, committed 27648K, reserved 1073152K
  class space    used 3029K, capacity 3322K, committed 3328K, reserved 1048576K
}
Event: 3.591 GC heap after
{Heap after GC invocations=6 (full 0):
 garbage-first heap   total 131072K, used 9841K [0x0000000081c00000, 0x0000000100000000)
  region size 1024K, 4 young (4096K), 4 survivors (4096K)
 Metaspace       used 26714K, capacity 27433K, committed 27648K, reserved 1073152K
  class space    used 3029K, capacity 3322K, committed 3328K, reserved 1048576K
}
Event: 4.126 GC heap before
{Heap before GC invocations=6 (full 0):
 garbage-first heap   total 131072K, used 67185K [0x0000000081c00000, 0x0000000100000000)
  region size 1024K, 61 young (62464K), 4 survivors (4096K)
 Metaspace       used 28508K, capacity 29341K, committed 29440K, reserved 1075200K
  class space    used 3219K, capacity 3552K, committed 3584K, reserved 1048576K
}
Event: 4.135 GC heap after
{Heap after GC invocations=7 (full 0):
 garbage-first heap   total 131072K, used 11061K [0x0000000081c00000, 0x0000000100000000)
  region size 1024K, 5 young (5120K), 5 survivors (5120K)
 Metaspace       used 28508K, capacity 29341K, committed 29440K, reserved 1075200K
  class space    used 3219K, capacity 3552K, committed 3584K, reserved 1048576K
}

