# JRE version: OpenJDK Runtime Environment Temurin-11.0.12+7 (11.0.12+7) (build 11.0.12+7)
# Java VM: OpenJDK 64-Bit Server VM Temurin-11.0.12+7 (11.0.12+7, mixed mode, tiered, compressed oops, g1 gc, windows-amd64)
Heap:
 garbage-first heap   total 157696K, used 20422K [0x0000000081c00000, 0x0000000100000000)
  region size 1024K, 7 young (7168K), 7 survivors (7168K)
 Metaspace       used 51820K, capacity 53096K, committed 53196K, reserved 1103872K
  class space    used 6300K, capacity 6793K, committed 6860K, reserved 1048576K
GC Heap History (18 events):
Event: 2.554 GC heap before
{Heap before GC invocations=0 (full 0):
 garbage-first heap   total 131072K, used 14336K [0x0000000081c00000, 0x0000000100000000)
  region size 1024K, 14 young (14336K), 0 survivors (0K)
 Metaspace       used 12942K, capacity 13254K, committed 13440K, reserved 1060864K
  class space    used 1293K, capacity 1406K, committed 1408K, reserved 1048576K
}
Event: 2.562 GC heap after
{Heap after GC invocations=1 (full 0):
 garbage-first heap   total 131072K, used 6271K [0x0000000081c00000, 0x0000000100000000)
  region size 1024K, 2 young (2048K), 2 survivors (2048K)
 Metaspace       used 12942K, capacity 13254K, committed 13440K, reserved 1060864K
  class space    used 1293K, capacity 1406K, committed 1408K, reserved 1048576K
}
Event: 3.206 GC heap before
{Heap before GC invocations=1 (full 0):
 garbage-first heap   total 131072K, used 14463K [0x0000000081c00000, 0x0000000100000000)
  region size 1024K, 10 young (10240K), 2 survivors (2048K)
 Metaspace       used 15003K, capacity 15400K, committed 15488K, reserved 1062912K
  class space    used 1511K, capacity 1655K, committed 1664K, reserved 1048576K
}
Event: 3.211 GC heap after
{Heap after GC invocations=2 (full 0):
 garbage-first heap   total 131072K, used 7155K [0x0000000081c00000, 0x0000000100000000)
  region size 1024K, 1 young (1024K), 1 survivors (1024K)
 Metaspace       used 15003K, capacity 15400K, committed 15488K, reserved 1062912K
  class space    used 1511K, capacity 1655K, committed 1664K, reserved 1048576K
}
Event: 4.597 GC heap before
{Heap before GC invocations=2 (full 0):
 garbage-first heap   total 131072K, used 33779K [0x0000000081c00000, 0x0000000100000000)
  region size 1024K, 27 young (27648K), 1 survivors (1024K)
 Metaspace       used 19729K, capacity 20349K, committed 20608K, reserved 1067008K
  class space    used 2152K, capacity 2378K, committed 2432K, reserved 1048576K
}
Event: 4.651 GC heap after
{Heap after GC invocations=3 (full 0):
 garbage-first heap   total 131072K, used 8546K [0x0000000081c00000, 0x0000000100000000)
  region size 1024K, 3 young (3072K), 3 survivors (3072K)
 Metaspace       used 19729K, capacity 20349K, committed 20608K, reserved 1067008K
  class space    used 2152K, capacity 2378K, committed 2432K, reserved 1048576K
}
Event: 4.790 GC heap before
{Heap before GC invocations=3 (full 0):
 garbage-first heap   total 131072K, used 12642K [0x0000000081c00000, 0x0000000100000000)
  region size 1024K, 8 young (8192K), 3 survivors (3072K)
 Metaspace       used 20523K, capacity 21154K, committed 21248K, reserved 1069056K
  class space    used 2260K, capacity 2523K, committed 2560K, reserved 1048576K
}
Event: 4.795 GC heap after
{Heap after GC invocations=4 (full 0):
 garbage-first heap   total 131072K, used 8953K [0x0000000081c00000, 0x0000000100000000)
  region size 1024K, 3 young (3072K), 3 survivors (3072K)
 Metaspace       used 20523K, capacity 21154K, committed 21248K, reserved 1069056K
  class space    used 2260K, capacity 2523K, committed 2560K, reserved 1048576K
}
Event: 6.053 GC heap before
{Heap before GC invocations=5 (full 0):
 garbage-first heap   total 131072K, used 50937K [0x0000000081c00000, 0x0000000100000000)
  region size 1024K, 45 young (46080K), 3 survivors (3072K)
 Metaspace       used 27089K, capacity 27834K, committed 28032K, reserved 1073152K
  class space    used 3065K, capacity 3365K, committed 3456K, reserved 1048576K
}
Event: 6.060 GC heap after
{Heap after GC invocations=6 (full 0):
 garbage-first heap   total 131072K, used 10243K [0x0000000081c00000, 0x0000000100000000)
  region size 1024K, 4 young (4096K), 4 survivors (4096K)
 Metaspace       used 27089K, capacity 27834K, committed 28032K, reserved 1073152K
  class space    used 3065K, capacity 3365K, committed 3456K, reserved 1048576K
}
Event: 7.139 GC heap before
{Heap before GC invocations=6 (full 0):
 garbage-first heap   total 131072K, used 69635K [0x0000000081c00000, 0x0000000100000000)
  region size 1024K, 63 young (64512K), 4 survivors (4096K)
 Metaspace       used 29239K, capacity 30059K, committed 30336K, reserved 1075200K
  class space    used 3300K, capacity 3637K, committed 3712K, reserved 1048576K
}
Event: 7.149 GC heap after
{Heap after GC invocations=7 (full 0):
 garbage-first heap   total 131072K, used 11820K [0x0000000081c00000, 0x0000000100000000)
  region size 1024K, 6 young (6144K), 6 survivors (6144K)
 Metaspace       used 29239K, capacity 30059K, committed 30336K, reserved 1075200K
  class space    used 3300K, capacity 3637K, committed 3712K, reserved 1048576K
}
Event: 10.554 GC heap before
{Heap before GC invocations=7 (full 0):
 garbage-first heap   total 131072K, used 58924K [0x0000000081c00000, 0x0000000100000000)
  region size 1024K, 53 young (54272K), 6 survivors (6144K)
 Metaspace       used 34836K, capacity 35804K, committed 35840K, reserved 1081344K
  class space    used 4060K, capacity 4470K, committed 4480K, reserved 1048576K
}
Event: 10.575 GC heap after
{Heap after GC invocations=8 (full 0):
 garbage-first heap   total 131072K, used 14075K [0x0000000081c00000, 0x0000000100000000)
  region size 1024K, 7 young (7168K), 7 survivors (7168K)
 Metaspace       used 34836K, capacity 35804K, committed 35840K, reserved 1081344K
  class space    used 4060K, capacity 4470K, committed 4480K, reserved 1048576K
}
Event: 13.133 GC heap before
{Heap before GC invocations=9 (full 0):
 garbage-first heap   total 131072K, used 82683K [0x0000000081c00000, 0x0000000100000000)
  region size 1024K, 75 young (76800K), 7 survivors (7168K)
 Metaspace       used 38257K, capacity 39458K, committed 39500K, reserved 1083392K
  class space    used 4468K, capacity 4940K, committed 4940K, reserved 1048576K
}
Event: 13.152 GC heap after
{Heap after GC invocations=10 (full 0):
 garbage-first heap   total 131072K, used 16569K [0x0000000081c00000, 0x0000000100000000)
  region size 1024K, 7 young (7168K), 7 survivors (7168K)
 Metaspace       used 38257K, capacity 39458K, committed 39500K, reserved 1083392K
  class space    used 4468K, capacity 4940K, committed 4940K, reserved 1048576K
}
Event: 18.342 GC heap before
{Heap before GC invocations=10 (full 0):
 garbage-first heap   total 131072K, used 87225K [0x0000000081c00000, 0x0000000100000000)
  region size 1024K, 76 young (77824K), 7 survivors (7168K)
 Metaspace       used 50848K, capacity 52128K, committed 52300K, reserved 1095680K
  class space    used 6171K, capacity 6663K, committed 6732K, reserved 1048576K
}
Event: 18.356 GC heap after
{Heap after GC invocations=11 (full 0):
 garbage-first heap   total 157696K, used 20156K [0x0000000081c00000, 0x0000000100000000)
  region size 1024K, 9 young (9216K), 9 survivors (9216K)
 Metaspace       used 50848K, capacity 52128K, committed 52300K, reserved 1095680K
  class space    used 6171K, capacity 6663K, committed 6732K, reserved 1048576K
}

