# JRE version: OpenJDK Runtime Environment Temurin-11.0.12+7 (11.0.12+7) (build 11.0.12+7)
# Java VM: OpenJDK 64-Bit Server VM Temurin-11.0.12+7 (11.0.12+7, mixed mode, tiered, compressed oops, parallel gc, windows-amd64)
Heap:
 PSYoungGen      total 12800K, used 4957K [0x00000000eab00000, 0x00000000ebf00000, 0x0000000100000000)
  eden space 10240K, 23% used [0x00000000eab00000,0x00000000ead63130,0x00000000eb500000)
  from space 2560K, 98% used [0x00000000eb500000,0x00000000eb774398,0x00000000eb780000)
  to   space 5120K, 0% used [0x00000000eba00000,0x00000000eba00000,0x00000000ebf00000)
 ParOldGen       total 85504K, used 78020K [0x00000000c0000000, 0x00000000c5380000, 0x00000000eab00000)
  object space 85504K, 91% used [0x00000000c0000000,0x00000000c4c310e8,0x00000000c5380000)
 Metaspace       used 57225K, capacity 60056K, committed 60288K, reserved 1103872K
  class space    used 5656K, capacity 6679K, committed 6784K, reserved 1048576K
GC Heap History (20 events):
Event: 65.924 GC heap before
{Heap before GC invocations=25 (full 2):
 PSYoungGen      total 23040K, used 23040K [0x00000000eab00000, 0x00000000ec680000, 0x0000000100000000)
  eden space 22016K, 100% used [0x00000000eab00000,0x00000000ec080000,0x00000000ec080000)
  from space 1024K, 100% used [0x00000000ec380000,0x00000000ec480000,0x00000000ec480000)
  to   space 3072K, 0% used [0x00000000ec080000,0x00000000ec080000,0x00000000ec380000)
 ParOldGen       total 68608K, used 45939K [0x00000000c0000000, 0x00000000c4300000, 0x00000000eab00000)
  object space 68608K, 66% used [0x00000000c0000000,0x00000000c2cdcde0,0x00000000c4300000)
 Metaspace       used 54286K, capacity 57137K, committed 57472K, reserved 1099776K
  class space    used 5406K, capacity 6411K, committed 6528K, reserved 1048576K
}
Event: 65.933 GC heap after
{Heap after GC invocations=25 (full 2):
 PSYoungGen      total 25088K, used 3058K [0x00000000eab00000, 0x00000000ecf80000, 0x0000000100000000)
  eden space 22016K, 0% used [0x00000000eab00000,0x00000000eab00000,0x00000000ec080000)
  from space 3072K, 99% used [0x00000000ec080000,0x00000000ec37c998,0x00000000ec380000)
  to   space 7680K, 0% used [0x00000000ec800000,0x00000000ec800000,0x00000000ecf80000)
 ParOldGen       total 68608K, used 49349K [0x00000000c0000000, 0x00000000c4300000, 0x00000000eab00000)
  object space 68608K, 71% used [0x00000000c0000000,0x00000000c3031450,0x00000000c4300000)
 Metaspace       used 54286K, capacity 57137K, committed 57472K, reserved 1099776K
  class space    used 5406K, capacity 6411K, committed 6528K, reserved 1048576K
}
Event: 66.091 GC heap before
{Heap before GC invocations=26 (full 2):
 PSYoungGen      total 25088K, used 25074K [0x00000000eab00000, 0x00000000ecf80000, 0x0000000100000000)
  eden space 22016K, 100% used [0x00000000eab00000,0x00000000ec080000,0x00000000ec080000)
  from space 3072K, 99% used [0x00000000ec080000,0x00000000ec37c998,0x00000000ec380000)
  to   space 7680K, 0% used [0x00000000ec800000,0x00000000ec800000,0x00000000ecf80000)
 ParOldGen       total 68608K, used 49349K [0x00000000c0000000, 0x00000000c4300000, 0x00000000eab00000)
  object space 68608K, 71% used [0x00000000c0000000,0x00000000c3031450,0x00000000c4300000)
 Metaspace       used 54560K, capacity 57425K, committed 57728K, reserved 1099776K
  class space    used 5428K, capacity 6443K, committed 6528K, reserved 1048576K
}
Event: 66.117 GC heap after
{Heap after GC invocations=26 (full 2):
 PSYoungGen      total 20992K, used 7658K [0x00000000eab00000, 0x00000000ee080000, 0x0000000100000000)
  eden space 13312K, 0% used [0x00000000eab00000,0x00000000eab00000,0x00000000eb800000)
  from space 7680K, 99% used [0x00000000ec800000,0x00000000ecf7a818,0x00000000ecf80000)
  to   space 16384K, 0% used [0x00000000eb800000,0x00000000eb800000,0x00000000ec800000)
 ParOldGen       total 68608K, used 56327K [0x00000000c0000000, 0x00000000c4300000, 0x00000000eab00000)
  object space 68608K, 82% used [0x00000000c0000000,0x00000000c3701dc8,0x00000000c4300000)
 Metaspace       used 54560K, capacity 57425K, committed 57728K, reserved 1099776K
  class space    used 5428K, capacity 6443K, committed 6528K, reserved 1048576K
}
Event: 66.206 GC heap before
{Heap before GC invocations=27 (full 2):
 PSYoungGen      total 20992K, used 20970K [0x00000000eab00000, 0x00000000ee080000, 0x0000000100000000)
  eden space 13312K, 100% used [0x00000000eab00000,0x00000000eb800000,0x00000000eb800000)
  from space 7680K, 99% used [0x00000000ec800000,0x00000000ecf7a818,0x00000000ecf80000)
  to   space 16384K, 0% used [0x00000000eb800000,0x00000000eb800000,0x00000000ec800000)
 ParOldGen       total 68608K, used 56327K [0x00000000c0000000, 0x00000000c4300000, 0x00000000eab00000)
  object space 68608K, 82% used [0x00000000c0000000,0x00000000c3701dc8,0x00000000c4300000)
 Metaspace       used 54586K, capacity 57425K, committed 57728K, reserved 1099776K
  class space    used 5428K, capacity 6443K, committed 6528K, reserved 1048576K
}
Event: 66.219 GC heap after
{Heap after GC invocations=27 (full 2):
 PSYoungGen      total 15360K, used 1790K [0x00000000eab00000, 0x00000000ec880000, 0x0000000100000000)
  eden space 13312K, 0% used [0x00000000eab00000,0x00000000eab00000,0x00000000eb800000)
  from space 2048K, 87% used [0x00000000eb800000,0x00000000eb9bf840,0x00000000eba00000)
  to   space 6656K, 0% used [0x00000000ec200000,0x00000000ec200000,0x00000000ec880000)
 ParOldGen       total 68608K, used 64010K [0x00000000c0000000, 0x00000000c4300000, 0x00000000eab00000)
  object space 68608K, 93% used [0x00000000c0000000,0x00000000c3e82938,0x00000000c4300000)
 Metaspace       used 54586K, capacity 57425K, committed 57728K, reserved 1099776K
  class space    used 5428K, capacity 6443K, committed 6528K, reserved 1048576K
}
Event: 66.219 GC heap before
{Heap before GC invocations=28 (full 3):
 PSYoungGen      total 15360K, used 1790K [0x00000000eab00000, 0x00000000ec880000, 0x0000000100000000)
  eden space 13312K, 0% used [0x00000000eab00000,0x00000000eab00000,0x00000000eb800000)
  from space 2048K, 87% used [0x00000000eb800000,0x00000000eb9bf840,0x00000000eba00000)
  to   space 6656K, 0% used [0x00000000ec200000,0x00000000ec200000,0x00000000ec880000)
 ParOldGen       total 68608K, used 64010K [0x00000000c0000000, 0x00000000c4300000, 0x00000000eab00000)
  object space 68608K, 93% used [0x00000000c0000000,0x00000000c3e82938,0x00000000c4300000)
 Metaspace       used 54586K, capacity 57425K, committed 57728K, reserved 1099776K
  class space    used 5428K, capacity 6443K, committed 6528K, reserved 1048576K
}
Event: 66.588 GC heap after
{Heap after GC invocations=28 (full 3):
 PSYoungGen      total 16384K, used 0K [0x00000000eab00000, 0x00000000ec500000, 0x0000000100000000)
  eden space 13312K, 0% used [0x00000000eab00000,0x00000000eab00000,0x00000000eb800000)
  from space 3072K, 0% used [0x00000000ec200000,0x00000000ec200000,0x00000000ec500000)
  to   space 6656K, 0% used [0x00000000eb800000,0x00000000eb800000,0x00000000ebe80000)
 ParOldGen       total 85504K, used 51935K [0x00000000c0000000, 0x00000000c5380000, 0x00000000eab00000)
  object space 85504K, 60% used [0x00000000c0000000,0x00000000c32b7cb0,0x00000000c5380000)
 Metaspace       used 54586K, capacity 57425K, committed 57728K, reserved 1099776K
  class space    used 5428K, capacity 6443K, committed 6528K, reserved 1048576K
}
Event: 66.701 GC heap before
{Heap before GC invocations=29 (full 3):
 PSYoungGen      total 16384K, used 13312K [0x00000000eab00000, 0x00000000ec500000, 0x0000000100000000)
  eden space 13312K, 100% used [0x00000000eab00000,0x00000000eb800000,0x00000000eb800000)
  from space 3072K, 0% used [0x00000000ec200000,0x00000000ec200000,0x00000000ec500000)
  to   space 6656K, 0% used [0x00000000eb800000,0x00000000eb800000,0x00000000ebe80000)
 ParOldGen       total 85504K, used 51935K [0x00000000c0000000, 0x00000000c5380000, 0x00000000eab00000)
  object space 85504K, 60% used [0x00000000c0000000,0x00000000c32b7cb0,0x00000000c5380000)
 Metaspace       used 54594K, capacity 57489K, committed 57728K, reserved 1099776K
  class space    used 5430K, capacity 6443K, committed 6528K, reserved 1048576K
}
Event: 66.706 GC heap after
{Heap after GC invocations=29 (full 3):
 PSYoungGen      total 17920K, used 4276K [0x00000000eab00000, 0x00000000ec280000, 0x0000000100000000)
  eden space 13312K, 0% used [0x00000000eab00000,0x00000000eab00000,0x00000000eb800000)
  from space 4608K, 92% used [0x00000000eb800000,0x00000000ebc2d1e0,0x00000000ebc80000)
  to   space 5120K, 0% used [0x00000000ebd80000,0x00000000ebd80000,0x00000000ec280000)
 ParOldGen       total 85504K, used 51935K [0x00000000c0000000, 0x00000000c5380000, 0x00000000eab00000)
  object space 85504K, 60% used [0x00000000c0000000,0x00000000c32b7cb0,0x00000000c5380000)
 Metaspace       used 54594K, capacity 57489K, committed 57728K, reserved 1099776K
  class space    used 5430K, capacity 6443K, committed 6528K, reserved 1048576K
}
Event: 66.823 GC heap before
{Heap before GC invocations=30 (full 3):
 PSYoungGen      total 17920K, used 17588K [0x00000000eab00000, 0x00000000ec280000, 0x0000000100000000)
  eden space 13312K, 100% used [0x00000000eab00000,0x00000000eb800000,0x00000000eb800000)
  from space 4608K, 92% used [0x00000000eb800000,0x00000000ebc2d1e0,0x00000000ebc80000)
  to   space 5120K, 0% used [0x00000000ebd80000,0x00000000ebd80000,0x00000000ec280000)
 ParOldGen       total 85504K, used 51935K [0x00000000c0000000, 0x00000000c5380000, 0x00000000eab00000)
  object space 85504K, 60% used [0x00000000c0000000,0x00000000c32b7cb0,0x00000000c5380000)
 Metaspace       used 54640K, capacity 57489K, committed 57728K, reserved 1099776K
  class space    used 5432K, capacity 6443K, committed 6528K, reserved 1048576K
}
Event: 66.828 GC heap after
{Heap after GC invocations=30 (full 3):
 PSYoungGen      total 15360K, used 1988K [0x00000000eab00000, 0x00000000ebf80000, 0x0000000100000000)
  eden space 13312K, 0% used [0x00000000eab00000,0x00000000eab00000,0x00000000eb800000)
  from space 2048K, 97% used [0x00000000ebd80000,0x00000000ebf711e8,0x00000000ebf80000)
  to   space 3072K, 0% used [0x00000000eb980000,0x00000000eb980000,0x00000000ebc80000)
 ParOldGen       total 85504K, used 56132K [0x00000000c0000000, 0x00000000c5380000, 0x00000000eab00000)
  object space 85504K, 65% used [0x00000000c0000000,0x00000000c36d10c8,0x00000000c5380000)
 Metaspace       used 54640K, capacity 57489K, committed 57728K, reserved 1099776K
  class space    used 5432K, capacity 6443K, committed 6528K, reserved 1048576K
}
Event: 67.003 GC heap before
{Heap before GC invocations=31 (full 3):
 PSYoungGen      total 15360K, used 15300K [0x00000000eab00000, 0x00000000ebf80000, 0x0000000100000000)
  eden space 13312K, 100% used [0x00000000eab00000,0x00000000eb800000,0x00000000eb800000)
  from space 2048K, 97% used [0x00000000ebd80000,0x00000000ebf711e8,0x00000000ebf80000)
  to   space 3072K, 0% used [0x00000000eb980000,0x00000000eb980000,0x00000000ebc80000)
 ParOldGen       total 85504K, used 56132K [0x00000000c0000000, 0x00000000c5380000, 0x00000000eab00000)
  object space 85504K, 65% used [0x00000000c0000000,0x00000000c36d10c8,0x00000000c5380000)
 Metaspace       used 54933K, capacity 57792K, committed 57984K, reserved 1101824K
  class space    used 5451K, capacity 6480K, committed 6528K, reserved 1048576K
}
Event: 67.008 GC heap after
{Heap after GC invocations=31 (full 3):
 PSYoungGen      total 16384K, used 3052K [0x00000000eab00000, 0x00000000ec500000, 0x0000000100000000)
  eden space 13312K, 0% used [0x00000000eab00000,0x00000000eab00000,0x00000000eb800000)
  from space 3072K, 99% used [0x00000000eb980000,0x00000000ebc7b098,0x00000000ebc80000)
  to   space 6656K, 0% used [0x00000000ebe80000,0x00000000ebe80000,0x00000000ec500000)
 ParOldGen       total 85504K, used 58787K [0x00000000c0000000, 0x00000000c5380000, 0x00000000eab00000)
  object space 85504K, 68% used [0x00000000c0000000,0x00000000c3968f80,0x00000000c5380000)
 Metaspace       used 54933K, capacity 57792K, committed 57984K, reserved 1101824K
  class space    used 5451K, capacity 6480K, committed 6528K, reserved 1048576K
}
Event: 67.137 GC heap before
{Heap before GC invocations=32 (full 3):
 PSYoungGen      total 16384K, used 16364K [0x00000000eab00000, 0x00000000ec500000, 0x0000000100000000)
  eden space 13312K, 100% used [0x00000000eab00000,0x00000000eb800000,0x00000000eb800000)
  from space 3072K, 99% used [0x00000000eb980000,0x00000000ebc7b098,0x00000000ebc80000)
  to   space 6656K, 0% used [0x00000000ebe80000,0x00000000ebe80000,0x00000000ec500000)
 ParOldGen       total 85504K, used 58787K [0x00000000c0000000, 0x00000000c5380000, 0x00000000eab00000)
  object space 85504K, 68% used [0x00000000c0000000,0x00000000c3968f80,0x00000000c5380000)
 Metaspace       used 55063K, capacity 57924K, committed 57984K, reserved 1101824K
  class space    used 5466K, capacity 6482K, committed 6528K, reserved 1048576K
}
Event: 67.144 GC heap after
{Heap after GC invocations=32 (full 3):
 PSYoungGen      total 15360K, used 1872K [0x00000000eab00000, 0x00000000ec080000, 0x0000000100000000)
  eden space 13312K, 0% used [0x00000000eab00000,0x00000000eab00000,0x00000000eb800000)
  from space 2048K, 91% used [0x00000000ebe80000,0x00000000ec054010,0x00000000ec080000)
  to   space 3584K, 0% used [0x00000000eb980000,0x00000000eb980000,0x00000000ebd00000)
 ParOldGen       total 85504K, used 61803K [0x00000000c0000000, 0x00000000c5380000, 0x00000000eab00000)
  object space 85504K, 72% used [0x00000000c0000000,0x00000000c3c5af78,0x00000000c5380000)
 Metaspace       used 55063K, capacity 57924K, committed 57984K, reserved 1101824K
  class space    used 5466K, capacity 6482K, committed 6528K, reserved 1048576K
}
Event: 67.996 GC heap before
{Heap before GC invocations=33 (full 3):
 PSYoungGen      total 15360K, used 15184K [0x00000000eab00000, 0x00000000ec080000, 0x0000000100000000)
  eden space 13312K, 100% used [0x00000000eab00000,0x00000000eb800000,0x00000000eb800000)
  from space 2048K, 91% used [0x00000000ebe80000,0x00000000ec054010,0x00000000ec080000)
  to   space 3584K, 0% used [0x00000000eb980000,0x00000000eb980000,0x00000000ebd00000)
 ParOldGen       total 85504K, used 61803K [0x00000000c0000000, 0x00000000c5380000, 0x00000000eab00000)
  object space 85504K, 72% used [0x00000000c0000000,0x00000000c3c5af78,0x00000000c5380000)
 Metaspace       used 56499K, capacity 59410K, committed 59648K, reserved 1101824K
  class space    used 5571K, capacity 6615K, committed 6656K, reserved 1048576K
}
Event: 68.011 GC heap after
{Heap after GC invocations=33 (full 3):
 PSYoungGen      total 16896K, used 3578K [0x00000000eab00000, 0x00000000ec080000, 0x0000000100000000)
  eden space 13312K, 0% used [0x00000000eab00000,0x00000000eab00000,0x00000000eb800000)
  from space 3584K, 99% used [0x00000000eb980000,0x00000000ebcfeb80,0x00000000ebd00000)
  to   space 2048K, 0% used [0x00000000ebe80000,0x00000000ebe80000,0x00000000ec080000)
 ParOldGen       total 85504K, used 68553K [0x00000000c0000000, 0x00000000c5380000, 0x00000000eab00000)
  object space 85504K, 80% used [0x00000000c0000000,0x00000000c42f25d8,0x00000000c5380000)
 Metaspace       used 56499K, capacity 59410K, committed 59648K, reserved 1101824K
  class space    used 5571K, capacity 6615K, committed 6656K, reserved 1048576K
}
Event: 68.532 GC heap before
{Heap before GC invocations=34 (full 3):
 PSYoungGen      total 16896K, used 16890K [0x00000000eab00000, 0x00000000ec080000, 0x0000000100000000)
  eden space 13312K, 100% used [0x00000000eab00000,0x00000000eb800000,0x00000000eb800000)
  from space 3584K, 99% used [0x00000000eb980000,0x00000000ebcfeb80,0x00000000ebd00000)
  to   space 2048K, 0% used [0x00000000ebe80000,0x00000000ebe80000,0x00000000ec080000)
 ParOldGen       total 85504K, used 68553K [0x00000000c0000000, 0x00000000c5380000, 0x00000000eab00000)
  object space 85504K, 80% used [0x00000000c0000000,0x00000000c42f25d8,0x00000000c5380000)
 Metaspace       used 56559K, capacity 59410K, committed 59648K, reserved 1101824K
  class space    used 5572K, capacity 6615K, committed 6656K, reserved 1048576K
}
Event: 68.544 GC heap after
{Heap after GC invocations=34 (full 3):
 PSYoungGen      total 12288K, used 2035K [0x00000000eab00000, 0x00000000ecb00000, 0x0000000100000000)
  eden space 10240K, 0% used [0x00000000eab00000,0x00000000eab00000,0x00000000eb500000)
  from space 2048K, 99% used [0x00000000ebe80000,0x00000000ec07cd98,0x00000000ec080000)
  to   space 9728K, 0% used [0x00000000eb500000,0x00000000eb500000,0x00000000ebe80000)
 ParOldGen       total 85504K, used 75962K [0x00000000c0000000, 0x00000000c5380000, 0x00000000eab00000)
  object space 85504K, 88% used [0x00000000c0000000,0x00000000c4a2eb50,0x00000000c5380000)
 Metaspace       used 56559K, capacity 59410K, committed 59648K, reserved 1101824K
  class space    used 5572K, capacity 6615K, committed 6656K, reserved 1048576K
}

