# JRE version: OpenJDK Runtime Environment Temurin-11.0.12+7 (11.0.12+7) (build 11.0.12+7)
# Java VM: OpenJDK 64-Bit Server VM Temurin-11.0.12+7 (11.0.12+7, mixed mode, tiered, compressed oops, g1 gc, windows-amd64)
Heap:
 garbage-first heap   total 189440K, used 26004K [0x0000000081c00000, 0x0000000100000000)
  region size 1024K, 6 young (6144K), 5 survivors (5120K)
 Metaspace       used 58584K, capacity 60278K, committed 60552K, reserved 1101824K
  class space    used 7187K, capacity 7833K, committed 7864K, reserved 1048576K
GC Heap History (20 events):
Event: 1.453 GC heap before
{Heap before GC invocations=1 (full 0):
 garbage-first heap   total 131072K, used 15277K [0x0000000081c00000, 0x0000000100000000)
  region size 1024K, 11 young (11264K), 2 survivors (2048K)
 Metaspace       used 14993K, capacity 15400K, committed 15488K, reserved 1062912K
  class space    used 1515K, capacity 1655K, committed 1664K, reserved 1048576K
}
Event: 1.458 GC heap after
{Heap after GC invocations=2 (full 0):
 garbage-first heap   total 131072K, used 7176K [0x0000000081c00000, 0x0000000100000000)
  region size 1024K, 1 young (1024K), 1 survivors (1024K)
 Metaspace       used 14993K, capacity 15400K, committed 15488K, reserved 1062912K
  class space    used 1515K, capacity 1655K, committed 1664K, reserved 1048576K
}
Event: 2.041 GC heap before
{Heap before GC invocations=2 (full 0):
 garbage-first heap   total 131072K, used 30728K [0x0000000081c00000, 0x0000000100000000)
  region size 1024K, 24 young (24576K), 1 survivors (1024K)
 Metaspace       used 19343K, capacity 19931K, committed 19968K, reserved 1067008K
  class space    used 2091K, capacity 2304K, committed 2304K, reserved 1048576K
}
Event: 2.045 GC heap after
{Heap after GC invocations=3 (full 0):
 garbage-first heap   total 131072K, used 8412K [0x0000000081c00000, 0x0000000100000000)
  region size 1024K, 3 young (3072K), 3 survivors (3072K)
 Metaspace       used 19343K, capacity 19931K, committed 19968K, reserved 1067008K
  class space    used 2091K, capacity 2304K, committed 2304K, reserved 1048576K
}
Event: 2.166 GC heap before
{Heap before GC invocations=3 (full 0):
 garbage-first heap   total 131072K, used 14556K [0x0000000081c00000, 0x0000000100000000)
  region size 1024K, 11 young (11264K), 3 survivors (3072K)
 Metaspace       used 20626K, capacity 21250K, committed 21296K, reserved 1069056K
  class space    used 2279K, capacity 2555K, committed 2560K, reserved 1048576K
}
Event: 2.172 GC heap after
{Heap after GC invocations=4 (full 0):
 garbage-first heap   total 131072K, used 8821K [0x0000000081c00000, 0x0000000100000000)
  region size 1024K, 3 young (3072K), 3 survivors (3072K)
 Metaspace       used 20626K, capacity 21250K, committed 21296K, reserved 1069056K
  class space    used 2279K, capacity 2555K, committed 2560K, reserved 1048576K
}
Event: 2.648 GC heap before
{Heap before GC invocations=5 (full 0):
 garbage-first heap   total 131072K, used 49781K [0x0000000081c00000, 0x0000000100000000)
  region size 1024K, 44 young (45056K), 3 survivors (3072K)
 Metaspace       used 26801K, capacity 27538K, committed 27776K, reserved 1073152K
  class space    used 3040K, capacity 3356K, committed 3456K, reserved 1048576K
}
Event: 2.654 GC heap after
{Heap after GC invocations=6 (full 0):
 garbage-first heap   total 131072K, used 9987K [0x0000000081c00000, 0x0000000100000000)
  region size 1024K, 4 young (4096K), 4 survivors (4096K)
 Metaspace       used 26801K, capacity 27538K, committed 27776K, reserved 1073152K
  class space    used 3040K, capacity 3356K, committed 3456K, reserved 1048576K
}
Event: 3.400 GC heap before
{Heap before GC invocations=6 (full 0):
 garbage-first heap   total 131072K, used 69379K [0x0000000081c00000, 0x0000000100000000)
  region size 1024K, 63 young (64512K), 4 survivors (4096K)
 Metaspace       used 29139K, capacity 29974K, committed 30080K, reserved 1075200K
  class space    used 3293K, capacity 3608K, committed 3712K, reserved 1048576K
}
Event: 3.412 GC heap after
{Heap after GC invocations=7 (full 0):
 garbage-first heap   total 157696K, used 11215K [0x0000000081c00000, 0x0000000100000000)
  region size 1024K, 5 young (5120K), 5 survivors (5120K)
 Metaspace       used 29139K, capacity 29974K, committed 30080K, reserved 1075200K
  class space    used 3293K, capacity 3608K, committed 3712K, reserved 1048576K
}
Event: 4.815 GC heap before
{Heap before GC invocations=7 (full 0):
 garbage-first heap   total 157696K, used 58319K [0x0000000081c00000, 0x0000000100000000)
  region size 1024K, 52 young (53248K), 5 survivors (5120K)
 Metaspace       used 34886K, capacity 35900K, committed 35920K, reserved 1081344K
  class space    used 4052K, capacity 4460K, committed 4480K, reserved 1048576K
}
Event: 4.832 GC heap after
{Heap after GC invocations=8 (full 0):
 garbage-first heap   total 157696K, used 14259K [0x0000000081c00000, 0x0000000100000000)
  region size 1024K, 8 young (8192K), 8 survivors (8192K)
 Metaspace       used 34886K, capacity 35900K, committed 35920K, reserved 1081344K
  class space    used 4052K, capacity 4460K, committed 4480K, reserved 1048576K
}
Event: 6.019 GC heap before
{Heap before GC invocations=9 (full 0):
 garbage-first heap   total 157696K, used 99251K [0x0000000081c00000, 0x0000000100000000)
  region size 1024K, 92 young (94208K), 8 survivors (8192K)
 Metaspace       used 39335K, capacity 40567K, committed 40656K, reserved 1085440K
  class space    used 4621K, capacity 5117K, committed 5120K, reserved 1048576K
}
Event: 6.035 GC heap after
{Heap after GC invocations=10 (full 0):
 garbage-first heap   total 157696K, used 17363K [0x0000000081c00000, 0x0000000100000000)
  region size 1024K, 9 young (9216K), 9 survivors (9216K)
 Metaspace       used 39335K, capacity 40567K, committed 40656K, reserved 1085440K
  class space    used 4621K, capacity 5117K, committed 5120K, reserved 1048576K
}
Event: 8.093 GC heap before
{Heap before GC invocations=10 (full 0):
 garbage-first heap   total 157696K, used 101331K [0x0000000081c00000, 0x0000000100000000)
  region size 1024K, 92 young (94208K), 9 survivors (9216K)
 Metaspace       used 53527K, capacity 54909K, committed 55120K, reserved 1097728K
  class space    used 6489K, capacity 7040K, committed 7040K, reserved 1048576K
}
Event: 8.111 GC heap after
{Heap after GC invocations=11 (full 0):
 garbage-first heap   total 157696K, used 22996K [0x0000000081c00000, 0x0000000100000000)
  region size 1024K, 12 young (12288K), 12 survivors (12288K)
 Metaspace       used 53527K, capacity 54909K, committed 55120K, reserved 1097728K
  class space    used 6489K, capacity 7040K, committed 7040K, reserved 1048576K
}
Event: 12.181 GC heap before
{Heap before GC invocations=11 (full 0):
 garbage-first heap   total 157696K, used 104916K [0x0000000081c00000, 0x0000000100000000)
  region size 1024K, 92 young (94208K), 12 survivors (12288K)
 Metaspace       used 57983K, capacity 59589K, committed 59728K, reserved 1101824K
  class space    used 7096K, capacity 7735K, committed 7808K, reserved 1048576K
}
Event: 12.204 GC heap after
{Heap after GC invocations=12 (full 0):
 garbage-first heap   total 189440K, used 25884K [0x0000000081c00000, 0x0000000100000000)
  region size 1024K, 10 young (10240K), 10 survivors (10240K)
 Metaspace       used 57983K, capacity 59589K, committed 59728K, reserved 1101824K
  class space    used 7096K, capacity 7735K, committed 7808K, reserved 1048576K
}
Event: 58.334 GC heap before
{Heap before GC invocations=12 (full 0):
 garbage-first heap   total 189440K, used 28956K [0x0000000081c00000, 0x0000000100000000)
  region size 1024K, 14 young (14336K), 10 survivors (10240K)
 Metaspace       used 58561K, capacity 60208K, committed 60296K, reserved 1101824K
  class space    used 7184K, capacity 7831K, committed 7864K, reserved 1048576K
}
Event: 58.353 GC heap after
{Heap after GC invocations=13 (full 0):
 garbage-first heap   total 189440K, used 26004K [0x0000000081c00000, 0x0000000100000000)
  region size 1024K, 5 young (5120K), 5 survivors (5120K)
 Metaspace       used 58561K, capacity 60208K, committed 60296K, reserved 1101824K
  class space    used 7184K, capacity 7831K, committed 7864K, reserved 1048576K
}

