# JRE version: OpenJDK Runtime Environment Temurin-11.0.12+7 (11.0.12+7) (build 11.0.12+7)
# Java VM: OpenJDK 64-Bit Server VM Temurin-11.0.12+7 (11.0.12+7, mixed mode, tiered, compressed oops, parallel gc, windows-amd64)
Heap:
 PSYoungGen      total 13824K, used 5609K [0x00000000eab00000, 0x00000000ebc80000, 0x0000000100000000)
  eden space 13312K, 39% used [0x00000000eab00000,0x00000000eb025248,0x00000000eb800000)
  from space 512K, 66% used [0x00000000eb800000,0x00000000eb855228,0x00000000eb880000)
  to   space 512K, 0% used [0x00000000ebc00000,0x00000000ebc00000,0x00000000ebc80000)
 ParOldGen       total 110592K, used 89513K [0x00000000c0000000, 0x00000000c6c00000, 0x00000000eab00000)
  object space 110592K, 80% used [0x00000000c0000000,0x00000000c576a7a0,0x00000000c6c00000)
 Metaspace       used 61036K, capacity 64130K, committed 64256K, reserved 1105920K
  class space    used 5976K, capacity 7121K, committed 7168K, reserved 1048576K
GC Heap History (20 events):
Event: 200.726 GC heap before
{Heap before GC invocations=44 (full 4):
 PSYoungGen      total 12800K, used 12770K [0x00000000eab00000, 0x00000000ebd80000, 0x0000000100000000)
  eden space 9728K, 100% used [0x00000000eab00000,0x00000000eb480000,0x00000000eb480000)
  from space 3072K, 99% used [0x00000000eb580000,0x00000000eb878bd0,0x00000000eb880000)
  to   space 4608K, 0% used [0x00000000eb900000,0x00000000eb900000,0x00000000ebd80000)
 ParOldGen       total 91136K, used 87155K [0x00000000c0000000, 0x00000000c5900000, 0x00000000eab00000)
  object space 91136K, 95% used [0x00000000c0000000,0x00000000c551cf70,0x00000000c5900000)
 Metaspace       used 58561K, capacity 61590K, committed 61952K, reserved 1103872K
  class space    used 5725K, capacity 6798K, committed 6912K, reserved 1048576K
}
Event: 200.731 GC heap after
{Heap after GC invocations=44 (full 4):
 PSYoungGen      total 11776K, used 1540K [0x00000000eab00000, 0x00000000ebb00000, 0x0000000100000000)
  eden space 9728K, 0% used [0x00000000eab00000,0x00000000eab00000,0x00000000eb480000)
  from space 2048K, 75% used [0x00000000eb900000,0x00000000eba81390,0x00000000ebb00000)
  to   space 2560K, 0% used [0x00000000eb600000,0x00000000eb600000,0x00000000eb880000)
 ParOldGen       total 91136K, used 90153K [0x00000000c0000000, 0x00000000c5900000, 0x00000000eab00000)
  object space 91136K, 98% used [0x00000000c0000000,0x00000000c580a460,0x00000000c5900000)
 Metaspace       used 58561K, capacity 61590K, committed 61952K, reserved 1103872K
  class space    used 5725K, capacity 6798K, committed 6912K, reserved 1048576K
}
Event: 200.731 GC heap before
{Heap before GC invocations=45 (full 5):
 PSYoungGen      total 11776K, used 1540K [0x00000000eab00000, 0x00000000ebb00000, 0x0000000100000000)
  eden space 9728K, 0% used [0x00000000eab00000,0x00000000eab00000,0x00000000eb480000)
  from space 2048K, 75% used [0x00000000eb900000,0x00000000eba81390,0x00000000ebb00000)
  to   space 2560K, 0% used [0x00000000eb600000,0x00000000eb600000,0x00000000eb880000)
 ParOldGen       total 91136K, used 90153K [0x00000000c0000000, 0x00000000c5900000, 0x00000000eab00000)
  object space 91136K, 98% used [0x00000000c0000000,0x00000000c580a460,0x00000000c5900000)
 Metaspace       used 58561K, capacity 61590K, committed 61952K, reserved 1103872K
  class space    used 5725K, capacity 6798K, committed 6912K, reserved 1048576K
}
Event: 200.875 GC heap after
{Heap after GC invocations=45 (full 5):
 PSYoungGen      total 10240K, used 0K [0x00000000eab00000, 0x00000000eb980000, 0x0000000100000000)
  eden space 9728K, 0% used [0x00000000eab00000,0x00000000eab00000,0x00000000eb480000)
  from space 512K, 0% used [0x00000000eb600000,0x00000000eb600000,0x00000000eb680000)
  to   space 2560K, 0% used [0x00000000eb700000,0x00000000eb700000,0x00000000eb980000)
 ParOldGen       total 110592K, used 82991K [0x00000000c0000000, 0x00000000c6c00000, 0x00000000eab00000)
  object space 110592K, 75% used [0x00000000c0000000,0x00000000c510bcc8,0x00000000c6c00000)
 Metaspace       used 58561K, capacity 61590K, committed 61952K, reserved 1103872K
  class space    used 5725K, capacity 6798K, committed 6912K, reserved 1048576K
}
Event: 201.443 GC heap before
{Heap before GC invocations=46 (full 5):
 PSYoungGen      total 10240K, used 9706K [0x00000000eab00000, 0x00000000eb980000, 0x0000000100000000)
  eden space 9728K, 99% used [0x00000000eab00000,0x00000000eb47a998,0x00000000eb480000)
  from space 512K, 0% used [0x00000000eb600000,0x00000000eb600000,0x00000000eb680000)
  to   space 2560K, 0% used [0x00000000eb700000,0x00000000eb700000,0x00000000eb980000)
 ParOldGen       total 110592K, used 82991K [0x00000000c0000000, 0x00000000c6c00000, 0x00000000eab00000)
  object space 110592K, 75% used [0x00000000c0000000,0x00000000c510bcc8,0x00000000c6c00000)
 Metaspace       used 58599K, capacity 61590K, committed 61952K, reserved 1103872K
  class space    used 5725K, capacity 6798K, committed 6912K, reserved 1048576K
}
Event: 201.446 GC heap after
{Heap after GC invocations=46 (full 5):
 PSYoungGen      total 11776K, used 1788K [0x00000000eab00000, 0x00000000eb900000, 0x0000000100000000)
  eden space 9728K, 0% used [0x00000000eab00000,0x00000000eab00000,0x00000000eb480000)
  from space 2048K, 87% used [0x00000000eb700000,0x00000000eb8bf378,0x00000000eb900000)
  to   space 2048K, 0% used [0x00000000eb500000,0x00000000eb500000,0x00000000eb700000)
 ParOldGen       total 110592K, used 82991K [0x00000000c0000000, 0x00000000c6c00000, 0x00000000eab00000)
  object space 110592K, 75% used [0x00000000c0000000,0x00000000c510bcc8,0x00000000c6c00000)
 Metaspace       used 58599K, capacity 61590K, committed 61952K, reserved 1103872K
  class space    used 5725K, capacity 6798K, committed 6912K, reserved 1048576K
}
Event: 201.670 GC heap before
{Heap before GC invocations=47 (full 5):
 PSYoungGen      total 11776K, used 11516K [0x00000000eab00000, 0x00000000eb900000, 0x0000000100000000)
  eden space 9728K, 100% used [0x00000000eab00000,0x00000000eb480000,0x00000000eb480000)
  from space 2048K, 87% used [0x00000000eb700000,0x00000000eb8bf378,0x00000000eb900000)
  to   space 2048K, 0% used [0x00000000eb500000,0x00000000eb500000,0x00000000eb700000)
 ParOldGen       total 110592K, used 82991K [0x00000000c0000000, 0x00000000c6c00000, 0x00000000eab00000)
  object space 110592K, 75% used [0x00000000c0000000,0x00000000c510bcc8,0x00000000c6c00000)
 Metaspace       used 58666K, capacity 61657K, committed 61952K, reserved 1103872K
  class space    used 5728K, capacity 6799K, committed 6912K, reserved 1048576K
}
Event: 201.676 GC heap after
{Heap after GC invocations=47 (full 5):
 PSYoungGen      total 11776K, used 2027K [0x00000000eab00000, 0x00000000ebc80000, 0x0000000100000000)
  eden space 9728K, 0% used [0x00000000eab00000,0x00000000eab00000,0x00000000eb480000)
  from space 2048K, 98% used [0x00000000eb500000,0x00000000eb6fad28,0x00000000eb700000)
  to   space 4096K, 0% used [0x00000000eb880000,0x00000000eb880000,0x00000000ebc80000)
 ParOldGen       total 110592K, used 84512K [0x00000000c0000000, 0x00000000c6c00000, 0x00000000eab00000)
  object space 110592K, 76% used [0x00000000c0000000,0x00000000c5288278,0x00000000c6c00000)
 Metaspace       used 58666K, capacity 61657K, committed 61952K, reserved 1103872K
  class space    used 5728K, capacity 6799K, committed 6912K, reserved 1048576K
}
Event: 201.852 GC heap before
{Heap before GC invocations=48 (full 5):
 PSYoungGen      total 11776K, used 11755K [0x00000000eab00000, 0x00000000ebc80000, 0x0000000100000000)
  eden space 9728K, 100% used [0x00000000eab00000,0x00000000eb480000,0x00000000eb480000)
  from space 2048K, 98% used [0x00000000eb500000,0x00000000eb6fad28,0x00000000eb700000)
  to   space 4096K, 0% used [0x00000000eb880000,0x00000000eb880000,0x00000000ebc80000)
 ParOldGen       total 110592K, used 84512K [0x00000000c0000000, 0x00000000c6c00000, 0x00000000eab00000)
  object space 110592K, 76% used [0x00000000c0000000,0x00000000c5288278,0x00000000c6c00000)
 Metaspace       used 58675K, capacity 61657K, committed 61952K, reserved 1103872K
  class space    used 5728K, capacity 6799K, committed 6912K, reserved 1048576K
}
Event: 201.857 GC heap after
{Heap after GC invocations=48 (full 5):
 PSYoungGen      total 12288K, used 2506K [0x00000000eab00000, 0x00000000ebb00000, 0x0000000100000000)
  eden space 9728K, 0% used [0x00000000eab00000,0x00000000eab00000,0x00000000eb480000)
  from space 2560K, 97% used [0x00000000eb880000,0x00000000ebaf2958,0x00000000ebb00000)
  to   space 3072K, 0% used [0x00000000eb500000,0x00000000eb500000,0x00000000eb800000)
 ParOldGen       total 110592K, used 85439K [0x00000000c0000000, 0x00000000c6c00000, 0x00000000eab00000)
  object space 110592K, 77% used [0x00000000c0000000,0x00000000c536fd78,0x00000000c6c00000)
 Metaspace       used 58675K, capacity 61657K, committed 61952K, reserved 1103872K
  class space    used 5728K, capacity 6799K, committed 6912K, reserved 1048576K
}
Event: 204.292 GC heap before
{Heap before GC invocations=49 (full 5):
 PSYoungGen      total 12288K, used 12229K [0x00000000eab00000, 0x00000000ebb00000, 0x0000000100000000)
  eden space 9728K, 99% used [0x00000000eab00000,0x00000000eb47ee08,0x00000000eb480000)
  from space 2560K, 97% used [0x00000000eb880000,0x00000000ebaf2958,0x00000000ebb00000)
  to   space 3072K, 0% used [0x00000000eb500000,0x00000000eb500000,0x00000000eb800000)
 ParOldGen       total 110592K, used 85439K [0x00000000c0000000, 0x00000000c6c00000, 0x00000000eab00000)
  object space 110592K, 77% used [0x00000000c0000000,0x00000000c536fd78,0x00000000c6c00000)
 Metaspace       used 59142K, capacity 62120K, committed 62336K, reserved 1103872K
  class space    used 5777K, capacity 6914K, committed 7040K, reserved 1048576K
}
Event: 204.297 GC heap after
{Heap after GC invocations=49 (full 5):
 PSYoungGen      total 12800K, used 3055K [0x00000000eab00000, 0x00000000ebd80000, 0x0000000100000000)
  eden space 9728K, 0% used [0x00000000eab00000,0x00000000eab00000,0x00000000eb480000)
  from space 3072K, 99% used [0x00000000eb500000,0x00000000eb7fbf80,0x00000000eb800000)
  to   space 4608K, 0% used [0x00000000eb900000,0x00000000eb900000,0x00000000ebd80000)
 ParOldGen       total 110592K, used 86413K [0x00000000c0000000, 0x00000000c6c00000, 0x00000000eab00000)
  object space 110592K, 78% used [0x00000000c0000000,0x00000000c5463418,0x00000000c6c00000)
 Metaspace       used 59142K, capacity 62120K, committed 62336K, reserved 1103872K
  class space    used 5777K, capacity 6914K, committed 7040K, reserved 1048576K
}
Event: 204.301 GC heap before
{Heap before GC invocations=50 (full 5):
 PSYoungGen      total 12800K, used 12747K [0x00000000eab00000, 0x00000000ebd80000, 0x0000000100000000)
  eden space 9728K, 99% used [0x00000000eab00000,0x00000000eb476ec0,0x00000000eb480000)
  from space 3072K, 99% used [0x00000000eb500000,0x00000000eb7fbf80,0x00000000eb800000)
  to   space 4608K, 0% used [0x00000000eb900000,0x00000000eb900000,0x00000000ebd80000)
 ParOldGen       total 110592K, used 86413K [0x00000000c0000000, 0x00000000c6c00000, 0x00000000eab00000)
  object space 110592K, 78% used [0x00000000c0000000,0x00000000c5463418,0x00000000c6c00000)
 Metaspace       used 59142K, capacity 62120K, committed 62336K, reserved 1103872K
  class space    used 5777K, capacity 6914K, committed 7040K, reserved 1048576K
}
Event: 204.304 GC heap after
{Heap after GC invocations=50 (full 5):
 PSYoungGen      total 11264K, used 1521K [0x00000000eab00000, 0x00000000eba80000, 0x0000000100000000)
  eden space 9728K, 0% used [0x00000000eab00000,0x00000000eab00000,0x00000000eb480000)
  from space 1536K, 99% used [0x00000000eb900000,0x00000000eba7c650,0x00000000eba80000)
  to   space 2560K, 0% used [0x00000000eb580000,0x00000000eb580000,0x00000000eb800000)
 ParOldGen       total 110592K, used 88035K [0x00000000c0000000, 0x00000000c6c00000, 0x00000000eab00000)
  object space 110592K, 79% used [0x00000000c0000000,0x00000000c55f8dc0,0x00000000c6c00000)
 Metaspace       used 59142K, capacity 62120K, committed 62336K, reserved 1103872K
  class space    used 5777K, capacity 6914K, committed 7040K, reserved 1048576K
}
Event: 204.306 GC heap before
{Heap before GC invocations=51 (full 5):
 PSYoungGen      total 11264K, used 11247K [0x00000000eab00000, 0x00000000eba80000, 0x0000000100000000)
  eden space 9728K, 99% used [0x00000000eab00000,0x00000000eb47f838,0x00000000eb480000)
  from space 1536K, 99% used [0x00000000eb900000,0x00000000eba7c650,0x00000000eba80000)
  to   space 2560K, 0% used [0x00000000eb580000,0x00000000eb580000,0x00000000eb800000)
 ParOldGen       total 110592K, used 88035K [0x00000000c0000000, 0x00000000c6c00000, 0x00000000eab00000)
  object space 110592K, 79% used [0x00000000c0000000,0x00000000c55f8dc0,0x00000000c6c00000)
 Metaspace       used 59142K, capacity 62120K, committed 62336K, reserved 1103872K
  class space    used 5777K, capacity 6914K, committed 7040K, reserved 1048576K
}
Event: 204.308 GC heap after
{Heap after GC invocations=51 (full 5):
 PSYoungGen      total 13312K, used 53K [0x00000000eab00000, 0x00000000eb980000, 0x0000000100000000)
  eden space 10752K, 0% used [0x00000000eab00000,0x00000000eab00000,0x00000000eb580000)
  from space 2560K, 2% used [0x00000000eb580000,0x00000000eb58d718,0x00000000eb800000)
  to   space 1024K, 0% used [0x00000000eb880000,0x00000000eb880000,0x00000000eb980000)
 ParOldGen       total 110592K, used 89505K [0x00000000c0000000, 0x00000000c6c00000, 0x00000000eab00000)
  object space 110592K, 80% used [0x00000000c0000000,0x00000000c57687a0,0x00000000c6c00000)
 Metaspace       used 59142K, capacity 62120K, committed 62336K, reserved 1103872K
  class space    used 5777K, capacity 6914K, committed 7040K, reserved 1048576K
}
Event: 204.310 GC heap before
{Heap before GC invocations=52 (full 5):
 PSYoungGen      total 13312K, used 10749K [0x00000000eab00000, 0x00000000eb980000, 0x0000000100000000)
  eden space 10752K, 99% used [0x00000000eab00000,0x00000000eb572050,0x00000000eb580000)
  from space 2560K, 2% used [0x00000000eb580000,0x00000000eb58d718,0x00000000eb800000)
  to   space 1024K, 0% used [0x00000000eb880000,0x00000000eb880000,0x00000000eb980000)
 ParOldGen       total 110592K, used 89505K [0x00000000c0000000, 0x00000000c6c00000, 0x00000000eab00000)
  object space 110592K, 80% used [0x00000000c0000000,0x00000000c57687a0,0x00000000c6c00000)
 Metaspace       used 59142K, capacity 62120K, committed 62336K, reserved 1103872K
  class space    used 5777K, capacity 6914K, committed 7040K, reserved 1048576K
}
Event: 204.312 GC heap after
{Heap after GC invocations=52 (full 5):
 PSYoungGen      total 14336K, used 65K [0x00000000eab00000, 0x00000000eb980000, 0x0000000100000000)
  eden space 13312K, 0% used [0x00000000eab00000,0x00000000eab00000,0x00000000eb800000)
  from space 1024K, 6% used [0x00000000eb880000,0x00000000eb890718,0x00000000eb980000)
  to   space 512K, 0% used [0x00000000eb800000,0x00000000eb800000,0x00000000eb880000)
 ParOldGen       total 110592K, used 89505K [0x00000000c0000000, 0x00000000c6c00000, 0x00000000eab00000)
  object space 110592K, 80% used [0x00000000c0000000,0x00000000c57687a0,0x00000000c6c00000)
 Metaspace       used 59142K, capacity 62120K, committed 62336K, reserved 1103872K
  class space    used 5777K, capacity 6914K, committed 7040K, reserved 1048576K
}
Event: 204.606 GC heap before
{Heap before GC invocations=53 (full 5):
 PSYoungGen      total 14336K, used 13377K [0x00000000eab00000, 0x00000000eb980000, 0x0000000100000000)
  eden space 13312K, 100% used [0x00000000eab00000,0x00000000eb800000,0x00000000eb800000)
  from space 1024K, 6% used [0x00000000eb880000,0x00000000eb890718,0x00000000eb980000)
  to   space 512K, 0% used [0x00000000eb800000,0x00000000eb800000,0x00000000eb880000)
 ParOldGen       total 110592K, used 89505K [0x00000000c0000000, 0x00000000c6c00000, 0x00000000eab00000)
  object space 110592K, 80% used [0x00000000c0000000,0x00000000c57687a0,0x00000000c6c00000)
 Metaspace       used 59369K, capacity 62459K, committed 62592K, reserved 1105920K
  class space    used 5790K, capacity 6920K, committed 7040K, reserved 1048576K
}
Event: 204.608 GC heap after
{Heap after GC invocations=53 (full 5):
 PSYoungGen      total 13824K, used 340K [0x00000000eab00000, 0x00000000ebc80000, 0x0000000100000000)
  eden space 13312K, 0% used [0x00000000eab00000,0x00000000eab00000,0x00000000eb800000)
  from space 512K, 66% used [0x00000000eb800000,0x00000000eb855228,0x00000000eb880000)
  to   space 512K, 0% used [0x00000000ebc00000,0x00000000ebc00000,0x00000000ebc80000)
 ParOldGen       total 110592K, used 89513K [0x00000000c0000000, 0x00000000c6c00000, 0x00000000eab00000)
  object space 110592K, 80% used [0x00000000c0000000,0x00000000c576a7a0,0x00000000c6c00000)
 Metaspace       used 59369K, capacity 62459K, committed 62592K, reserved 1105920K
  class space    used 5790K, capacity 6920K, committed 7040K, reserved 1048576K
}

