# JRE version: OpenJDK Runtime Environment Temurin-11.0.12+7 (11.0.12+7) (build 11.0.12+7)
# Java VM: OpenJDK 64-Bit Server VM Temurin-11.0.12+7 (11.0.12+7, mixed mode, tiered, compressed oops, parallel gc, windows-amd64)
Heap:
 PSYoungGen      total 92160K, used 61045K [0x00000000eab00000, 0x00000000f3400000, 0x0000000100000000)
  eden space 72704K, 57% used [0x00000000eab00000,0x00000000ed3a1e08,0x00000000ef200000)
  from space 19456K, 99% used [0x00000000ef200000,0x00000000f04fb818,0x00000000f0500000)
  to   space 33280K, 0% used [0x00000000f1380000,0x00000000f1380000,0x00000000f3400000)
 ParOldGen       total 280576K, used 247762K [0x00000000c0000000, 0x00000000d1200000, 0x00000000eab00000)
  object space 280576K, 88% used [0x00000000c0000000,0x00000000cf1f4b38,0x00000000d1200000)
 Metaspace       used 51864K, capacity 54808K, committed 54912K, reserved 1097728K
  class space    used 5191K, capacity 6257K, committed 6272K, reserved 1048576K
GC Heap History (20 events):
Event: 109.422 GC heap before
{Heap before GC invocations=90 (full 13):
 PSYoungGen      total 70656K, used 70520K [0x00000000eab00000, 0x00000000ef700000, 0x0000000100000000)
  eden space 67584K, 100% used [0x00000000eab00000,0x00000000eed00000,0x00000000eed00000)
  from space 3072K, 95% used [0x00000000eef00000,0x00000000ef1de008,0x00000000ef200000)
  to   space 4096K, 0% used [0x00000000ef300000,0x00000000ef300000,0x00000000ef700000)
 ParOldGen       total 280576K, used 212899K [0x00000000c0000000, 0x00000000d1200000, 0x00000000eab00000)
  object space 280576K, 75% used [0x00000000c0000000,0x00000000ccfe8f88,0x00000000d1200000)
 Metaspace       used 47042K, capacity 49927K, committed 50048K, reserved 1093632K
  class space    used 4838K, capacity 5908K, committed 6016K, reserved 1048576K
}
Event: 109.429 GC heap after
{Heap after GC invocations=90 (full 13):
 PSYoungGen      total 72192K, used 3833K [0x00000000eab00000, 0x00000000ef700000, 0x0000000100000000)
  eden space 68096K, 0% used [0x00000000eab00000,0x00000000eab00000,0x00000000eed80000)
  from space 4096K, 93% used [0x00000000ef300000,0x00000000ef6be688,0x00000000ef700000)
  to   space 4096K, 0% used [0x00000000eef00000,0x00000000eef00000,0x00000000ef300000)
 ParOldGen       total 280576K, used 212899K [0x00000000c0000000, 0x00000000d1200000, 0x00000000eab00000)
  object space 280576K, 75% used [0x00000000c0000000,0x00000000ccfe8f88,0x00000000d1200000)
 Metaspace       used 47042K, capacity 49927K, committed 50048K, reserved 1093632K
  class space    used 4838K, capacity 5908K, committed 6016K, reserved 1048576K
}
Event: 109.957 GC heap before
{Heap before GC invocations=91 (full 13):
 PSYoungGen      total 72192K, used 71929K [0x00000000eab00000, 0x00000000ef700000, 0x0000000100000000)
  eden space 68096K, 100% used [0x00000000eab00000,0x00000000eed80000,0x00000000eed80000)
  from space 4096K, 93% used [0x00000000ef300000,0x00000000ef6be688,0x00000000ef700000)
  to   space 4096K, 0% used [0x00000000eef00000,0x00000000eef00000,0x00000000ef300000)
 ParOldGen       total 280576K, used 212899K [0x00000000c0000000, 0x00000000d1200000, 0x00000000eab00000)
  object space 280576K, 75% used [0x00000000c0000000,0x00000000ccfe8f88,0x00000000d1200000)
 Metaspace       used 47042K, capacity 49927K, committed 50048K, reserved 1093632K
  class space    used 4838K, capacity 5908K, committed 6016K, reserved 1048576K
}
Event: 109.968 GC heap after
{Heap after GC invocations=91 (full 13):
 PSYoungGen      total 72704K, used 4094K [0x00000000eab00000, 0x00000000efe00000, 0x0000000100000000)
  eden space 68608K, 0% used [0x00000000eab00000,0x00000000eab00000,0x00000000eee00000)
  from space 4096K, 99% used [0x00000000eef00000,0x00000000ef2ff8a8,0x00000000ef300000)
  to   space 8192K, 0% used [0x00000000ef600000,0x00000000ef600000,0x00000000efe00000)
 ParOldGen       total 280576K, used 216000K [0x00000000c0000000, 0x00000000d1200000, 0x00000000eab00000)
  object space 280576K, 76% used [0x00000000c0000000,0x00000000cd2f0190,0x00000000d1200000)
 Metaspace       used 47042K, capacity 49927K, committed 50048K, reserved 1093632K
  class space    used 4838K, capacity 5908K, committed 6016K, reserved 1048576K
}
Event: 111.001 GC heap before
{Heap before GC invocations=92 (full 13):
 PSYoungGen      total 72704K, used 72702K [0x00000000eab00000, 0x00000000efe00000, 0x0000000100000000)
  eden space 68608K, 100% used [0x00000000eab00000,0x00000000eee00000,0x00000000eee00000)
  from space 4096K, 99% used [0x00000000eef00000,0x00000000ef2ff8a8,0x00000000ef300000)
  to   space 8192K, 0% used [0x00000000ef600000,0x00000000ef600000,0x00000000efe00000)
 ParOldGen       total 280576K, used 216000K [0x00000000c0000000, 0x00000000d1200000, 0x00000000eab00000)
  object space 280576K, 76% used [0x00000000c0000000,0x00000000cd2f0190,0x00000000d1200000)
 Metaspace       used 47048K, capacity 49927K, committed 50048K, reserved 1093632K
  class space    used 4838K, capacity 5908K, committed 6016K, reserved 1048576K
}
Event: 111.007 GC heap after
{Heap after GC invocations=92 (full 13):
 PSYoungGen      total 75776K, used 6413K [0x00000000eab00000, 0x00000000efc80000, 0x0000000100000000)
  eden space 69120K, 0% used [0x00000000eab00000,0x00000000eab00000,0x00000000eee80000)
  from space 6656K, 96% used [0x00000000ef600000,0x00000000efc43748,0x00000000efc80000)
  to   space 7168K, 0% used [0x00000000eee80000,0x00000000eee80000,0x00000000ef580000)
 ParOldGen       total 280576K, used 216072K [0x00000000c0000000, 0x00000000d1200000, 0x00000000eab00000)
  object space 280576K, 77% used [0x00000000c0000000,0x00000000cd302190,0x00000000d1200000)
 Metaspace       used 47048K, capacity 49927K, committed 50048K, reserved 1093632K
  class space    used 4838K, capacity 5908K, committed 6016K, reserved 1048576K
}
Event: 111.228 GC heap before
{Heap before GC invocations=93 (full 13):
 PSYoungGen      total 75776K, used 75533K [0x00000000eab00000, 0x00000000efc80000, 0x0000000100000000)
  eden space 69120K, 100% used [0x00000000eab00000,0x00000000eee80000,0x00000000eee80000)
  from space 6656K, 96% used [0x00000000ef600000,0x00000000efc43748,0x00000000efc80000)
  to   space 7168K, 0% used [0x00000000eee80000,0x00000000eee80000,0x00000000ef580000)
 ParOldGen       total 280576K, used 216072K [0x00000000c0000000, 0x00000000d1200000, 0x00000000eab00000)
  object space 280576K, 77% used [0x00000000c0000000,0x00000000cd302190,0x00000000d1200000)
 Metaspace       used 47048K, capacity 49927K, committed 50048K, reserved 1093632K
  class space    used 4838K, capacity 5908K, committed 6016K, reserved 1048576K
}
Event: 111.237 GC heap after
{Heap after GC invocations=93 (full 13):
 PSYoungGen      total 76288K, used 7161K [0x00000000eab00000, 0x00000000f0d80000, 0x0000000100000000)
  eden space 69120K, 0% used [0x00000000eab00000,0x00000000eab00000,0x00000000eee80000)
  from space 7168K, 99% used [0x00000000eee80000,0x00000000ef57e748,0x00000000ef580000)
  to   space 15360K, 0% used [0x00000000efe80000,0x00000000efe80000,0x00000000f0d80000)
 ParOldGen       total 280576K, used 222600K [0x00000000c0000000, 0x00000000d1200000, 0x00000000eab00000)
  object space 280576K, 79% used [0x00000000c0000000,0x00000000cd962190,0x00000000d1200000)
 Metaspace       used 47048K, capacity 49927K, committed 50048K, reserved 1093632K
  class space    used 4838K, capacity 5908K, committed 6016K, reserved 1048576K
}
Event: 111.475 GC heap before
{Heap before GC invocations=94 (full 13):
 PSYoungGen      total 76288K, used 76281K [0x00000000eab00000, 0x00000000f0d80000, 0x0000000100000000)
  eden space 69120K, 100% used [0x00000000eab00000,0x00000000eee80000,0x00000000eee80000)
  from space 7168K, 99% used [0x00000000eee80000,0x00000000ef57e748,0x00000000ef580000)
  to   space 15360K, 0% used [0x00000000efe80000,0x00000000efe80000,0x00000000f0d80000)
 ParOldGen       total 280576K, used 222600K [0x00000000c0000000, 0x00000000d1200000, 0x00000000eab00000)
  object space 280576K, 79% used [0x00000000c0000000,0x00000000cd962190,0x00000000d1200000)
 Metaspace       used 47048K, capacity 49927K, committed 50048K, reserved 1093632K
  class space    used 4838K, capacity 5908K, committed 6016K, reserved 1048576K
}
Event: 111.498 GC heap after
{Heap after GC invocations=94 (full 13):
 PSYoungGen      total 82944K, used 12564K [0x00000000eab00000, 0x00000000f0b00000, 0x0000000100000000)
  eden space 70144K, 0% used [0x00000000eab00000,0x00000000eab00000,0x00000000eef80000)
  from space 12800K, 98% used [0x00000000efe80000,0x00000000f0ac5348,0x00000000f0b00000)
  to   space 13312K, 0% used [0x00000000ef100000,0x00000000ef100000,0x00000000efe00000)
 ParOldGen       total 280576K, used 225240K [0x00000000c0000000, 0x00000000d1200000, 0x00000000eab00000)
  object space 280576K, 80% used [0x00000000c0000000,0x00000000cdbf6198,0x00000000d1200000)
 Metaspace       used 47048K, capacity 49927K, committed 50048K, reserved 1093632K
  class space    used 4838K, capacity 5908K, committed 6016K, reserved 1048576K
}
Event: 112.728 GC heap before
{Heap before GC invocations=95 (full 13):
 PSYoungGen      total 82944K, used 82708K [0x00000000eab00000, 0x00000000f0b00000, 0x0000000100000000)
  eden space 70144K, 100% used [0x00000000eab00000,0x00000000eef80000,0x00000000eef80000)
  from space 12800K, 98% used [0x00000000efe80000,0x00000000f0ac5348,0x00000000f0b00000)
  to   space 13312K, 0% used [0x00000000ef100000,0x00000000ef100000,0x00000000efe00000)
 ParOldGen       total 280576K, used 225240K [0x00000000c0000000, 0x00000000d1200000, 0x00000000eab00000)
  object space 280576K, 80% used [0x00000000c0000000,0x00000000cdbf6198,0x00000000d1200000)
 Metaspace       used 47062K, capacity 49927K, committed 50048K, reserved 1093632K
  class space    used 4838K, capacity 5908K, committed 6016K, reserved 1048576K
}
Event: 112.734 GC heap after
{Heap after GC invocations=95 (full 13):
 PSYoungGen      total 75776K, used 4472K [0x00000000eab00000, 0x00000000eff80000, 0x0000000100000000)
  eden space 71168K, 0% used [0x00000000eab00000,0x00000000eab00000,0x00000000ef080000)
  from space 4608K, 97% used [0x00000000ef100000,0x00000000ef55e058,0x00000000ef580000)
  to   space 7680K, 0% used [0x00000000ef800000,0x00000000ef800000,0x00000000eff80000)
 ParOldGen       total 280576K, used 225248K [0x00000000c0000000, 0x00000000d1200000, 0x00000000eab00000)
  object space 280576K, 80% used [0x00000000c0000000,0x00000000cdbf8198,0x00000000d1200000)
 Metaspace       used 47062K, capacity 49927K, committed 50048K, reserved 1093632K
  class space    used 4838K, capacity 5908K, committed 6016K, reserved 1048576K
}
Event: 113.610 GC heap before
{Heap before GC invocations=96 (full 13):
 PSYoungGen      total 75776K, used 75640K [0x00000000eab00000, 0x00000000eff80000, 0x0000000100000000)
  eden space 71168K, 100% used [0x00000000eab00000,0x00000000ef080000,0x00000000ef080000)
  from space 4608K, 97% used [0x00000000ef100000,0x00000000ef55e058,0x00000000ef580000)
  to   space 7680K, 0% used [0x00000000ef800000,0x00000000ef800000,0x00000000eff80000)
 ParOldGen       total 280576K, used 225248K [0x00000000c0000000, 0x00000000d1200000, 0x00000000eab00000)
  object space 280576K, 80% used [0x00000000c0000000,0x00000000cdbf8198,0x00000000d1200000)
 Metaspace       used 47079K, capacity 49927K, committed 50048K, reserved 1093632K
  class space    used 4838K, capacity 5908K, committed 6016K, reserved 1048576K
}
Event: 113.616 GC heap after
{Heap after GC invocations=96 (full 13):
 PSYoungGen      total 77824K, used 5162K [0x00000000eab00000, 0x00000000efd80000, 0x0000000100000000)
  eden space 72192K, 0% used [0x00000000eab00000,0x00000000eab00000,0x00000000ef180000)
  from space 5632K, 91% used [0x00000000ef800000,0x00000000efd0a818,0x00000000efd80000)
  to   space 5632K, 0% used [0x00000000ef280000,0x00000000ef280000,0x00000000ef800000)
 ParOldGen       total 280576K, used 225256K [0x00000000c0000000, 0x00000000d1200000, 0x00000000eab00000)
  object space 280576K, 80% used [0x00000000c0000000,0x00000000cdbfa198,0x00000000d1200000)
 Metaspace       used 47079K, capacity 49927K, committed 50048K, reserved 1093632K
  class space    used 4838K, capacity 5908K, committed 6016K, reserved 1048576K
}
Event: 114.185 GC heap before
{Heap before GC invocations=97 (full 13):
 PSYoungGen      total 77824K, used 77354K [0x00000000eab00000, 0x00000000efd80000, 0x0000000100000000)
  eden space 72192K, 100% used [0x00000000eab00000,0x00000000ef180000,0x00000000ef180000)
  from space 5632K, 91% used [0x00000000ef800000,0x00000000efd0a818,0x00000000efd80000)
  to   space 5632K, 0% used [0x00000000ef280000,0x00000000ef280000,0x00000000ef800000)
 ParOldGen       total 280576K, used 225256K [0x00000000c0000000, 0x00000000d1200000, 0x00000000eab00000)
  object space 280576K, 80% used [0x00000000c0000000,0x00000000cdbfa198,0x00000000d1200000)
 Metaspace       used 47149K, capacity 49999K, committed 50304K, reserved 1093632K
  class space    used 4841K, capacity 5910K, committed 6016K, reserved 1048576K
}
Event: 114.206 GC heap after
{Heap after GC invocations=97 (full 13):
 PSYoungGen      total 78848K, used 5600K [0x00000000eab00000, 0x00000000f1780000, 0x0000000100000000)
  eden space 73216K, 0% used [0x00000000eab00000,0x00000000eab00000,0x00000000ef280000)
  from space 5632K, 99% used [0x00000000ef280000,0x00000000ef7f8068,0x00000000ef800000)
  to   space 18944K, 0% used [0x00000000f0500000,0x00000000f0500000,0x00000000f1780000)
 ParOldGen       total 280576K, used 236426K [0x00000000c0000000, 0x00000000d1200000, 0x00000000eab00000)
  object space 280576K, 84% used [0x00000000c0000000,0x00000000ce6e2a70,0x00000000d1200000)
 Metaspace       used 47149K, capacity 49999K, committed 50304K, reserved 1093632K
  class space    used 4841K, capacity 5910K, committed 6016K, reserved 1048576K
}
Event: 115.437 GC heap before
{Heap before GC invocations=98 (full 13):
 PSYoungGen      total 78848K, used 78816K [0x00000000eab00000, 0x00000000f1780000, 0x0000000100000000)
  eden space 73216K, 100% used [0x00000000eab00000,0x00000000ef280000,0x00000000ef280000)
  from space 5632K, 99% used [0x00000000ef280000,0x00000000ef7f8068,0x00000000ef800000)
  to   space 18944K, 0% used [0x00000000f0500000,0x00000000f0500000,0x00000000f1780000)
 ParOldGen       total 280576K, used 236426K [0x00000000c0000000, 0x00000000d1200000, 0x00000000eab00000)
  object space 280576K, 84% used [0x00000000c0000000,0x00000000ce6e2a70,0x00000000d1200000)
 Metaspace       used 47348K, capacity 50197K, committed 50304K, reserved 1093632K
  class space    used 4858K, capacity 5912K, committed 6016K, reserved 1048576K
}
Event: 115.466 GC heap after
{Heap after GC invocations=98 (full 13):
 PSYoungGen      total 91648K, used 18349K [0x00000000eab00000, 0x00000000f1980000, 0x0000000100000000)
  eden space 72704K, 0% used [0x00000000eab00000,0x00000000eab00000,0x00000000ef200000)
  from space 18944K, 96% used [0x00000000f0500000,0x00000000f16eb530,0x00000000f1780000)
  to   space 19456K, 0% used [0x00000000ef200000,0x00000000ef200000,0x00000000f0500000)
 ParOldGen       total 280576K, used 236602K [0x00000000c0000000, 0x00000000d1200000, 0x00000000eab00000)
  object space 280576K, 84% used [0x00000000c0000000,0x00000000ce70ea70,0x00000000d1200000)
 Metaspace       used 47348K, capacity 50197K, committed 50304K, reserved 1093632K
  class space    used 4858K, capacity 5912K, committed 6016K, reserved 1048576K
}
Event: 116.135 GC heap before
{Heap before GC invocations=99 (full 13):
 PSYoungGen      total 91648K, used 91053K [0x00000000eab00000, 0x00000000f1980000, 0x0000000100000000)
  eden space 72704K, 100% used [0x00000000eab00000,0x00000000ef200000,0x00000000ef200000)
  from space 18944K, 96% used [0x00000000f0500000,0x00000000f16eb530,0x00000000f1780000)
  to   space 19456K, 0% used [0x00000000ef200000,0x00000000ef200000,0x00000000f0500000)
 ParOldGen       total 280576K, used 236602K [0x00000000c0000000, 0x00000000d1200000, 0x00000000eab00000)
  object space 280576K, 84% used [0x00000000c0000000,0x00000000ce70ea70,0x00000000d1200000)
 Metaspace       used 47988K, capacity 50820K, committed 51072K, reserved 1093632K
  class space    used 4904K, capacity 5949K, committed 6016K, reserved 1048576K
}
Event: 116.167 GC heap after
{Heap after GC invocations=99 (full 13):
 PSYoungGen      total 92160K, used 19438K [0x00000000eab00000, 0x00000000f3400000, 0x0000000100000000)
  eden space 72704K, 0% used [0x00000000eab00000,0x00000000eab00000,0x00000000ef200000)
  from space 19456K, 99% used [0x00000000ef200000,0x00000000f04fb818,0x00000000f0500000)
  to   space 33280K, 0% used [0x00000000f1380000,0x00000000f1380000,0x00000000f3400000)
 ParOldGen       total 280576K, used 247762K [0x00000000c0000000, 0x00000000d1200000, 0x00000000eab00000)
  object space 280576K, 88% used [0x00000000c0000000,0x00000000cf1f4b38,0x00000000d1200000)
 Metaspace       used 47988K, capacity 50820K, committed 51072K, reserved 1093632K
  class space    used 4904K, capacity 5949K, committed 6016K, reserved 1048576K
}

