# JRE version: OpenJDK Runtime Environment Temurin-11.0.12+7 (11.0.12+7) (build 11.0.12+7)
# Java VM: OpenJDK 64-Bit Server VM Temurin-11.0.12+7 (11.0.12+7, mixed mode, tiered, compressed oops, g1 gc, windows-amd64)
Heap:
 garbage-first heap   total 157696K, used 16438K [0x0000000081c00000, 0x0000000100000000)
  region size 1024K, 7 young (7168K), 7 survivors (7168K)
 Metaspace       used 37923K, capacity 39049K, committed 39196K, reserved 1083392K
  class space    used 4412K, capacity 4871K, committed 4940K, reserved 1048576K
GC Heap History (15 events):
Event: 1.458 GC heap before
{Heap before GC invocations=0 (full 0):
 garbage-first heap   total 131072K, used 14336K [0x0000000081c00000, 0x0000000100000000)
  region size 1024K, 14 young (14336K), 0 survivors (0K)
 Metaspace       used 12898K, capacity 13250K, committed 13440K, reserved 1060864K
  class space    used 1293K, capacity 1406K, committed 1408K, reserved 1048576K
}
Event: 1.473 GC heap after
{Heap after GC invocations=1 (full 0):
 garbage-first heap   total 131072K, used 6100K [0x0000000081c00000, 0x0000000100000000)
  region size 1024K, 2 young (2048K), 2 survivors (2048K)
 Metaspace       used 12898K, capacity 13250K, committed 13440K, reserved 1060864K
  class space    used 1293K, capacity 1406K, committed 1408K, reserved 1048576K
}
Event: 1.691 GC heap before
{Heap before GC invocations=1 (full 0):
 garbage-first heap   total 131072K, used 10196K [0x0000000081c00000, 0x0000000100000000)
  region size 1024K, 6 young (6144K), 2 survivors (2048K)
 Metaspace       used 14298K, capacity 14640K, committed 14976K, reserved 1062912K
  class space    used 1430K, capacity 1571K, committed 1664K, reserved 1048576K
}
Event: 1.696 GC heap after
{Heap after GC invocations=2 (full 0):
 garbage-first heap   total 131072K, used 6965K [0x0000000081c00000, 0x0000000100000000)
  region size 1024K, 1 young (1024K), 1 survivors (1024K)
 Metaspace       used 14298K, capacity 14640K, committed 14976K, reserved 1062912K
  class space    used 1430K, capacity 1571K, committed 1664K, reserved 1048576K
}
Event: 2.446 GC heap before
{Heap before GC invocations=2 (full 0):
 garbage-first heap   total 131072K, used 27445K [0x0000000081c00000, 0x0000000100000000)
  region size 1024K, 21 young (21504K), 1 survivors (1024K)
 Metaspace       used 18251K, capacity 18715K, committed 18816K, reserved 1067008K
  class space    used 1925K, capacity 2109K, committed 2176K, reserved 1048576K
}
Event: 2.450 GC heap after
{Heap after GC invocations=3 (full 0):
 garbage-first heap   total 131072K, used 8070K [0x0000000081c00000, 0x0000000100000000)
  region size 1024K, 2 young (2048K), 2 survivors (2048K)
 Metaspace       used 18251K, capacity 18715K, committed 18816K, reserved 1067008K
  class space    used 1925K, capacity 2109K, committed 2176K, reserved 1048576K
}
Event: 2.860 GC heap before
{Heap before GC invocations=3 (full 0):
 garbage-first heap   total 131072K, used 23430K [0x0000000081c00000, 0x0000000100000000)
  region size 1024K, 18 young (18432K), 2 survivors (2048K)
 Metaspace       used 20649K, capacity 21272K, committed 21296K, reserved 1069056K
  class space    used 2276K, capacity 2540K, committed 2560K, reserved 1048576K
}
Event: 2.865 GC heap after
{Heap after GC invocations=4 (full 0):
 garbage-first heap   total 131072K, used 8852K [0x0000000081c00000, 0x0000000100000000)
  region size 1024K, 3 young (3072K), 3 survivors (3072K)
 Metaspace       used 20649K, capacity 21272K, committed 21296K, reserved 1069056K
  class space    used 2276K, capacity 2540K, committed 2560K, reserved 1048576K
}
Event: 3.414 GC heap before
{Heap before GC invocations=5 (full 0):
 garbage-first heap   total 131072K, used 43668K [0x0000000081c00000, 0x0000000100000000)
  region size 1024K, 38 young (38912K), 3 survivors (3072K)
 Metaspace       used 26752K, capacity 27532K, committed 27776K, reserved 1073152K
  class space    used 3042K, capacity 3356K, committed 3456K, reserved 1048576K
}
Event: 3.420 GC heap after
{Heap after GC invocations=6 (full 0):
 garbage-first heap   total 131072K, used 10027K [0x0000000081c00000, 0x0000000100000000)
  region size 1024K, 4 young (4096K), 4 survivors (4096K)
 Metaspace       used 26752K, capacity 27532K, committed 27776K, reserved 1073152K
  class space    used 3042K, capacity 3356K, committed 3456K, reserved 1048576K
}
Event: 4.086 GC heap before
{Heap before GC invocations=6 (full 0):
 garbage-first heap   total 131072K, used 67371K [0x0000000081c00000, 0x0000000100000000)
  region size 1024K, 61 young (62464K), 4 survivors (4096K)
 Metaspace       used 28631K, capacity 29417K, committed 29696K, reserved 1075200K
  class space    used 3234K, capacity 3554K, committed 3584K, reserved 1048576K
}
Event: 4.095 GC heap after
{Heap after GC invocations=7 (full 0):
 garbage-first heap   total 131072K, used 11255K [0x0000000081c00000, 0x0000000100000000)
  region size 1024K, 5 young (5120K), 5 survivors (5120K)
 Metaspace       used 28631K, capacity 29417K, committed 29696K, reserved 1075200K
  class space    used 3234K, capacity 3554K, committed 3584K, reserved 1048576K
}
Event: 5.734 GC heap before
{Heap before GC invocations=7 (full 0):
 garbage-first heap   total 131072K, used 66551K [0x0000000081c00000, 0x0000000100000000)
  region size 1024K, 60 young (61440K), 5 survivors (5120K)
 Metaspace       used 34890K, capacity 35902K, committed 35920K, reserved 1081344K
  class space    used 4061K, capacity 4462K, committed 4480K, reserved 1048576K
}
Event: 5.755 GC heap after
{Heap after GC invocations=8 (full 0):
 garbage-first heap   total 131072K, used 14058K [0x0000000081c00000, 0x0000000100000000)
  region size 1024K, 7 young (7168K), 7 survivors (7168K)
 Metaspace       used 34890K, capacity 35902K, committed 35920K, reserved 1081344K
  class space    used 4061K, capacity 4462K, committed 4480K, reserved 1048576K
}
Event: 6.767 GC heap before
{Heap before GC invocations=9 (full 0):
 garbage-first heap   total 131072K, used 81642K [0x0000000081c00000, 0x0000000100000000)
  region size 1024K, 74 young (75776K), 7 survivors (7168K)
 Metaspace       used 37923K, capacity 39049K, committed 39196K, reserved 1083392K
  class space    used 4412K, capacity 4871K, committed 4940K, reserved 1048576K
}

