# JRE version: OpenJDK Runtime Environment Temurin-11.0.12+7 (11.0.12+7) (build 11.0.12+7)
# Java VM: OpenJDK 64-Bit Server VM Temurin-11.0.12+7 (11.0.12+7, mixed mode, tiered, compressed oops, g1 gc, windows-amd64)
Heap:
 garbage-first heap   total 131072K, used 70384K [0x0000000081c00000, 0x0000000100000000)
  region size 1024K, 65 young (66560K), 4 survivors (4096K)
 Metaspace       used 29557K, capacity 30397K, committed 30592K, reserved 1077248K
  class space    used 3350K, capacity 3688K, committed 3712K, reserved 1048576K
GC Heap History (10 events):
Event: 1.939 GC heap before
{Heap before GC invocations=0 (full 0):
 garbage-first heap   total 131072K, used 14336K [0x0000000081c00000, 0x0000000100000000)
  region size 1024K, 14 young (14336K), 0 survivors (0K)
 Metaspace       used 12917K, capacity 13250K, committed 13440K, reserved 1060864K
  class space    used 1294K, capacity 1406K, committed 1408K, reserved 1048576K
}
Event: 1.951 GC heap after
{Heap after GC invocations=1 (full 0):
 garbage-first heap   total 131072K, used 6138K [0x0000000081c00000, 0x0000000100000000)
  region size 1024K, 2 young (2048K), 2 survivors (2048K)
 Metaspace       used 12917K, capacity 13250K, committed 13440K, reserved 1060864K
  class space    used 1294K, capacity 1406K, committed 1408K, reserved 1048576K
}
Event: 2.330 GC heap before
{Heap before GC invocations=1 (full 0):
 garbage-first heap   total 131072K, used 14330K [0x0000000081c00000, 0x0000000100000000)
  region size 1024K, 10 young (10240K), 2 survivors (2048K)
 Metaspace       used 14930K, capacity 15332K, committed 15488K, reserved 1062912K
  class space    used 1510K, capacity 1655K, committed 1664K, reserved 1048576K
}
Event: 2.336 GC heap after
{Heap after GC invocations=2 (full 0):
 garbage-first heap   total 131072K, used 7104K [0x0000000081c00000, 0x0000000100000000)
  region size 1024K, 1 young (1024K), 1 survivors (1024K)
 Metaspace       used 14930K, capacity 15332K, committed 15488K, reserved 1062912K
  class space    used 1510K, capacity 1655K, committed 1664K, reserved 1048576K
}
Event: 3.518 GC heap before
{Heap before GC invocations=2 (full 0):
 garbage-first heap   total 131072K, used 31680K [0x0000000081c00000, 0x0000000100000000)
  region size 1024K, 25 young (25600K), 1 survivors (1024K)
 Metaspace       used 19451K, capacity 20026K, committed 20352K, reserved 1067008K
  class space    used 2119K, capacity 2336K, committed 2432K, reserved 1048576K
}
Event: 3.523 GC heap after
{Heap after GC invocations=3 (full 0):
 garbage-first heap   total 131072K, used 8302K [0x0000000081c00000, 0x0000000100000000)
  region size 1024K, 3 young (3072K), 3 survivors (3072K)
 Metaspace       used 19451K, capacity 20026K, committed 20352K, reserved 1067008K
  class space    used 2119K, capacity 2336K, committed 2432K, reserved 1048576K
}
Event: 3.685 GC heap before
{Heap before GC invocations=3 (full 0):
 garbage-first heap   total 131072K, used 13422K [0x0000000081c00000, 0x0000000100000000)
  region size 1024K, 10 young (10240K), 3 survivors (3072K)
 Metaspace       used 20603K, capacity 21206K, committed 21296K, reserved 1069056K
  class space    used 2264K, capacity 2517K, committed 2560K, reserved 1048576K
}
Event: 3.690 GC heap after
{Heap after GC invocations=4 (full 0):
 garbage-first heap   total 131072K, used 8622K [0x0000000081c00000, 0x0000000100000000)
  region size 1024K, 3 young (3072K), 3 survivors (3072K)
 Metaspace       used 20603K, capacity 21206K, committed 21296K, reserved 1069056K
  class space    used 2264K, capacity 2517K, committed 2560K, reserved 1048576K
}
Event: 4.620 GC heap before
{Heap before GC invocations=5 (full 0):
 garbage-first heap   total 131072K, used 52654K [0x0000000081c00000, 0x0000000100000000)
  region size 1024K, 47 young (48128K), 3 survivors (3072K)
 Metaspace       used 26993K, capacity 27733K, committed 28032K, reserved 1073152K
  class space    used 3058K, capacity 3358K, committed 3456K, reserved 1048576K
}
Event: 4.633 GC heap after
{Heap after GC invocations=6 (full 0):
 garbage-first heap   total 131072K, used 9968K [0x0000000081c00000, 0x0000000100000000)
  region size 1024K, 4 young (4096K), 4 survivors (4096K)
 Metaspace       used 26993K, capacity 27733K, committed 28032K, reserved 1073152K
  class space    used 3058K, capacity 3358K, committed 3456K, reserved 1048576K
}

