# JRE version: OpenJDK Runtime Environment Temurin-11.0.12+7 (11.0.12+7) (build 11.0.12+7)
# Java VM: OpenJDK 64-Bit Server VM Temurin-11.0.12+7 (11.0.12+7, mixed mode, tiered, compressed oops, g1 gc, windows-amd64)
Heap:
 garbage-first heap   total 131072K, used 9642K [0x0000000081c00000, 0x0000000100000000)
  region size 1024K, 5 young (5120K), 4 survivors (4096K)
 Metaspace       used 25481K, capacity 26159K, committed 26240K, reserved 1093632K
  class space    used 2853K, capacity 3148K, committed 3200K, reserved 1048576K
GC Heap History (10 events):
Event: 1.402 GC heap before
{Heap before GC invocations=0 (full 0):
 garbage-first heap   total 131072K, used 14336K [0x0000000081c00000, 0x0000000100000000)
  region size 1024K, 14 young (14336K), 0 survivors (0K)
 Metaspace       used 12913K, capacity 13250K, committed 13440K, reserved 1060864K
  class space    used 1294K, capacity 1406K, committed 1408K, reserved 1048576K
}
Event: 1.410 GC heap after
{Heap after GC invocations=1 (full 0):
 garbage-first heap   total 131072K, used 6052K [0x0000000081c00000, 0x0000000100000000)
  region size 1024K, 2 young (2048K), 2 survivors (2048K)
 Metaspace       used 12913K, capacity 13250K, committed 13440K, reserved 1060864K
  class space    used 1294K, capacity 1406K, committed 1408K, reserved 1048576K
}
Event: 1.663 GC heap before
{Heap before GC invocations=1 (full 0):
 garbage-first heap   total 131072K, used 10148K [0x0000000081c00000, 0x0000000100000000)
  region size 1024K, 6 young (6144K), 2 survivors (2048K)
 Metaspace       used 14321K, capacity 14704K, committed 14976K, reserved 1062912K
  class space    used 1431K, capacity 1571K, committed 1664K, reserved 1048576K
}
Event: 1.668 GC heap after
{Heap after GC invocations=2 (full 0):
 garbage-first heap   total 131072K, used 7030K [0x0000000081c00000, 0x0000000100000000)
  region size 1024K, 1 young (1024K), 1 survivors (1024K)
 Metaspace       used 14321K, capacity 14704K, committed 14976K, reserved 1062912K
  class space    used 1431K, capacity 1571K, committed 1664K, reserved 1048576K
}
Event: 2.303 GC heap before
{Heap before GC invocations=2 (full 0):
 garbage-first heap   total 131072K, used 27510K [0x0000000081c00000, 0x0000000100000000)
  region size 1024K, 21 young (21504K), 1 survivors (1024K)
 Metaspace       used 18244K, capacity 18707K, committed 18816K, reserved 1067008K
  class space    used 1921K, capacity 2106K, committed 2176K, reserved 1048576K
}
Event: 2.308 GC heap after
{Heap after GC invocations=3 (full 0):
 garbage-first heap   total 131072K, used 8117K [0x0000000081c00000, 0x0000000100000000)
  region size 1024K, 2 young (2048K), 2 survivors (2048K)
 Metaspace       used 18244K, capacity 18707K, committed 18816K, reserved 1067008K
  class space    used 1921K, capacity 2106K, committed 2176K, reserved 1048576K
}
Event: 2.799 GC heap before
{Heap before GC invocations=3 (full 0):
 garbage-first heap   total 131072K, used 23477K [0x0000000081c00000, 0x0000000100000000)
  region size 1024K, 18 young (18432K), 2 survivors (2048K)
 Metaspace       used 20628K, capacity 21231K, committed 21248K, reserved 1069056K
  class space    used 2277K, capacity 2550K, committed 2560K, reserved 1048576K
}
Event: 2.805 GC heap after
{Heap after GC invocations=4 (full 0):
 garbage-first heap   total 131072K, used 8983K [0x0000000081c00000, 0x0000000100000000)
  region size 1024K, 3 young (3072K), 3 survivors (3072K)
 Metaspace       used 20628K, capacity 21231K, committed 21248K, reserved 1069056K
  class space    used 2277K, capacity 2550K, committed 2560K, reserved 1048576K
}
Event: 3.428 GC heap before
{Heap before GC invocations=5 (full 0):
 garbage-first heap   total 131072K, used 33559K [0x0000000081c00000, 0x0000000100000000)
  region size 1024K, 28 young (28672K), 3 survivors (3072K)
 Metaspace       used 25481K, capacity 26159K, committed 26240K, reserved 1089536K
  class space    used 2853K, capacity 3148K, committed 3200K, reserved 1048576K
}
Event: 3.434 GC heap after
{Heap after GC invocations=6 (full 0):
 garbage-first heap   total 131072K, used 9642K [0x0000000081c00000, 0x0000000100000000)
  region size 1024K, 4 young (4096K), 4 survivors (4096K)
 Metaspace       used 25481K, capacity 26159K, committed 26240K, reserved 1089536K
  class space    used 2853K, capacity 3148K, committed 3200K, reserved 1048576K
}

