# JRE version: OpenJDK Runtime Environment Temurin-11.0.12+7 (11.0.12+7) (build 11.0.12+7)
# Java VM: OpenJDK 64-Bit Server VM Temurin-11.0.12+7 (11.0.12+7, mixed mode, tiered, compressed oops, g1 gc, windows-amd64)
Heap:
 garbage-first heap   total 157696K, used 72701K [0x0000000081c00000, 0x0000000100000000)
  region size 1024K, 64 young (65536K), 8 survivors (8192K)
 Metaspace       used 48851K, capacity 50128K, committed 50332K, reserved 1093632K
  class space    used 5951K, capacity 6466K, committed 6604K, reserved 1048576K
GC Heap History (16 events):
Event: 1.311 GC heap before
{Heap before GC invocations=0 (full 0):
 garbage-first heap   total 131072K, used 14336K [0x0000000081c00000, 0x0000000100000000)
  region size 1024K, 14 young (14336K), 0 survivors (0K)
 Metaspace       used 12927K, capacity 13250K, committed 13440K, reserved 1060864K
  class space    used 1293K, capacity 1406K, committed 1408K, reserved 1048576K
}
Event: 1.319 GC heap after
{Heap after GC invocations=1 (full 0):
 garbage-first heap   total 131072K, used 6346K [0x0000000081c00000, 0x0000000100000000)
  region size 1024K, 2 young (2048K), 2 survivors (2048K)
 Metaspace       used 12927K, capacity 13250K, committed 13440K, reserved 1060864K
  class space    used 1293K, capacity 1406K, committed 1408K, reserved 1048576K
}
Event: 1.577 GC heap before
{Heap before GC invocations=1 (full 0):
 garbage-first heap   total 131072K, used 14538K [0x0000000081c00000, 0x0000000100000000)
  region size 1024K, 10 young (10240K), 2 survivors (2048K)
 Metaspace       used 14857K, capacity 15232K, committed 15488K, reserved 1062912K
  class space    used 1495K, capacity 1621K, committed 1664K, reserved 1048576K
}
Event: 1.582 GC heap after
{Heap after GC invocations=2 (full 0):
 garbage-first heap   total 131072K, used 7094K [0x0000000081c00000, 0x0000000100000000)
  region size 1024K, 1 young (1024K), 1 survivors (1024K)
 Metaspace       used 14857K, capacity 15232K, committed 15488K, reserved 1062912K
  class space    used 1495K, capacity 1621K, committed 1664K, reserved 1048576K
}
Event: 2.333 GC heap before
{Heap before GC invocations=2 (full 0):
 garbage-first heap   total 131072K, used 33718K [0x0000000081c00000, 0x0000000100000000)
  region size 1024K, 27 young (27648K), 1 survivors (1024K)
 Metaspace       used 19535K, capacity 20146K, committed 20352K, reserved 1067008K
  class space    used 2137K, capacity 2376K, committed 2432K, reserved 1048576K
}
Event: 2.349 GC heap after
{Heap after GC invocations=3 (full 0):
 garbage-first heap   total 131072K, used 8536K [0x0000000081c00000, 0x0000000100000000)
  region size 1024K, 3 young (3072K), 3 survivors (3072K)
 Metaspace       used 19535K, capacity 20146K, committed 20352K, reserved 1067008K
  class space    used 2137K, capacity 2376K, committed 2432K, reserved 1048576K
}
Event: 2.431 GC heap before
{Heap before GC invocations=3 (full 0):
 garbage-first heap   total 131072K, used 13656K [0x0000000081c00000, 0x0000000100000000)
  region size 1024K, 9 young (9216K), 3 survivors (3072K)
 Metaspace       used 20637K, capacity 21244K, committed 21296K, reserved 1069056K
  class space    used 2272K, capacity 2532K, committed 2560K, reserved 1048576K
}
Event: 2.435 GC heap after
{Heap after GC invocations=4 (full 0):
 garbage-first heap   total 131072K, used 8858K [0x0000000081c00000, 0x0000000100000000)
  region size 1024K, 3 young (3072K), 3 survivors (3072K)
 Metaspace       used 20637K, capacity 21244K, committed 21296K, reserved 1069056K
  class space    used 2272K, capacity 2532K, committed 2560K, reserved 1048576K
}
Event: 3.122 GC heap before
{Heap before GC invocations=5 (full 0):
 garbage-first heap   total 131072K, used 53914K [0x0000000081c00000, 0x0000000100000000)
  region size 1024K, 48 young (49152K), 3 survivors (3072K)
 Metaspace       used 27090K, capacity 27891K, committed 28032K, reserved 1073152K
  class space    used 3070K, capacity 3365K, committed 3456K, reserved 1048576K
}
Event: 3.129 GC heap after
{Heap after GC invocations=6 (full 0):
 garbage-first heap   total 131072K, used 10461K [0x0000000081c00000, 0x0000000100000000)
  region size 1024K, 5 young (5120K), 5 survivors (5120K)
 Metaspace       used 27090K, capacity 27891K, committed 28032K, reserved 1073152K
  class space    used 3070K, capacity 3365K, committed 3456K, reserved 1048576K
}
Event: 3.963 GC heap before
{Heap before GC invocations=6 (full 0):
 garbage-first heap   total 131072K, used 73949K [0x0000000081c00000, 0x0000000100000000)
  region size 1024K, 68 young (69632K), 5 survivors (5120K)
 Metaspace       used 29945K, capacity 30814K, committed 30976K, reserved 1077248K
  class space    used 3403K, capacity 3760K, committed 3840K, reserved 1048576K
}
Event: 3.973 GC heap after
{Heap after GC invocations=7 (full 0):
 garbage-first heap   total 157696K, used 11373K [0x0000000081c00000, 0x0000000100000000)
  region size 1024K, 5 young (5120K), 5 survivors (5120K)
 Metaspace       used 29945K, capacity 30814K, committed 30976K, reserved 1077248K
  class space    used 3403K, capacity 3760K, committed 3840K, reserved 1048576K
}
Event: 5.291 GC heap before
{Heap before GC invocations=7 (full 0):
 garbage-first heap   total 157696K, used 52333K [0x0000000081c00000, 0x0000000100000000)
  region size 1024K, 46 young (47104K), 5 survivors (5120K)
 Metaspace       used 34867K, capacity 35864K, committed 35920K, reserved 1081344K
  class space    used 4067K, capacity 4470K, committed 4480K, reserved 1048576K
}
Event: 5.307 GC heap after
{Heap after GC invocations=8 (full 0):
 garbage-first heap   total 157696K, used 14112K [0x0000000081c00000, 0x0000000100000000)
  region size 1024K, 8 young (8192K), 8 survivors (8192K)
 Metaspace       used 34867K, capacity 35864K, committed 35920K, reserved 1081344K
  class space    used 4067K, capacity 4470K, committed 4480K, reserved 1048576K
}
Event: 6.425 GC heap before
{Heap before GC invocations=9 (full 0):
 garbage-first heap   total 157696K, used 89888K [0x0000000081c00000, 0x0000000100000000)
  region size 1024K, 83 young (84992K), 8 survivors (8192K)
 Metaspace       used 38593K, capacity 39781K, committed 40092K, reserved 1085440K
  class space    used 4520K, capacity 5006K, committed 5068K, reserved 1048576K
}
Event: 6.446 GC heap after
{Heap after GC invocations=10 (full 0):
 garbage-first heap   total 157696K, used 16381K [0x0000000081c00000, 0x0000000100000000)
  region size 1024K, 8 young (8192K), 8 survivors (8192K)
 Metaspace       used 38593K, capacity 39781K, committed 40092K, reserved 1085440K
  class space    used 4520K, capacity 5006K, committed 5068K, reserved 1048576K
}

